[10:38:55] This is prokka 1.14.6
[10:38:55] Written by Torsten Seemann <torsten.seemann@gmail.com>
[10:38:55] Homepage is https://github.com/tseemann/prokka
[10:38:55] Local time is Mon May 12 10:38:55 2025
[10:38:55] You are liujiayu
[10:38:55] Operating system is darwin
[10:38:55] You have BioPerl 1.7.8
[10:38:56] System has 10 cores.
[10:38:56] Will use maximum of 10 cores.
[10:38:56] Annotating as >>> Bacteria <<<
[10:38:56] Generating locus_tag from '/Users/liujiayu/Library/Mobile Documents/com~apple~CloudDocs/Joy/Á°ïÂ£´/ËÄêËæêÂ∞ÑËÆ∫Êñá/radiation-article/‰∏ÄÊîπ/Application/Example/genome_file/Deinococcus_cellulosilyticus_NBRC_106333_ASM799077v1.fasta' contents.
[10:38:56] Setting --locustag EHGGDNOH from MD5 e100d781b7a87753ed2dd6127772782a
[10:38:56] Creating new output folder: /Users/liujiayu/Library/Mobile Documents/com~apple~CloudDocs/Joy/Á°ïÂ£´/ËÄêËæêÂ∞ÑËÆ∫Êñá/radiation-article/‰∏ÄÊîπ/Application/Example/feature_ogs/prokka_results/prokka_Deinococcus_cellulosilyticus_NBRC_106333_ASM799077v1
[10:38:56] Running: mkdir -p \/Users\/liujiayu\/Library\/Mobile\ Documents\/com\~apple\~CloudDocs\/Joy\/\Á\°\ï\Â\£\´\/\Ë\Ä\ê\Ë\æ\ê\Â\∞\Ñ\Ë\Æ\∫\Ê\ñ\á\/radiation\-article\/\‰\∏\Ä\Ê\î\π\/Application\/Example\/feature_ogs\/prokka_results\/prokka_Deinococcus_cellulosilyticus_NBRC_106333_ASM799077v1
[10:38:56] Using filename prefix: Deinococcus_cellulosilyticus_NBRC_106333_ASM799077v1.XXX
[10:38:56] Setting HMMER_NCPU=1
[10:38:56] Writing log to: /Users/liujiayu/Library/Mobile Documents/com~apple~CloudDocs/Joy/Á°ïÂ£´/ËÄêËæêÂ∞ÑËÆ∫Êñá/radiation-article/‰∏ÄÊîπ/Application/Example/feature_ogs/prokka_results/prokka_Deinococcus_cellulosilyticus_NBRC_106333_ASM799077v1/Deinococcus_cellulosilyticus_NBRC_106333_ASM799077v1.log
[10:38:56] Command: /Users/liujiayu/opt/anaconda3/envs/XB-Radiation/bin/prokka --outdir /Users/liujiayu/Library/Mobile Documents/com~apple~CloudDocs/Joy/Á°ïÂ£´/ËÄêËæêÂ∞ÑËÆ∫Êñá/radiation-article/‰∏ÄÊîπ/Application/Example/feature_ogs/prokka_results/prokka_Deinococcus_cellulosilyticus_NBRC_106333_ASM799077v1 --prefix Deinococcus_cellulosilyticus_NBRC_106333_ASM799077v1 --cpus 10 /Users/liujiayu/Library/Mobile Documents/com~apple~CloudDocs/Joy/Á°ïÂ£´/ËÄêËæêÂ∞ÑËÆ∫Êñá/radiation-article/‰∏ÄÊîπ/Application/Example/genome_file/Deinococcus_cellulosilyticus_NBRC_106333_ASM799077v1.fasta
[10:38:56] Appending to PATH: /Users/liujiayu/opt/anaconda3/envs/XB-Radiation/bin
[10:38:56] Looking for 'aragorn' - found /Users/liujiayu/opt/anaconda3/envs/XB-Radiation/bin/aragorn
[10:38:56] Determined aragorn version is 001002 from 'ARAGORN v1.2.41 Dean Laslett'
[10:38:56] Looking for 'barrnap' - found /Users/liujiayu/opt/anaconda3/envs/XB-Radiation/bin/barrnap
[10:38:56] Determined barrnap version is 000009 from 'barrnap 0.9'
[10:38:56] Looking for 'blastp' - found /Users/liujiayu/opt/anaconda3/envs/XB-Radiation/bin/blastp
[10:38:56] Determined blastp version is 002016 from 'blastp: 2.16.0+'
[10:38:56] Looking for 'cmpress' - found /Users/liujiayu/opt/anaconda3/envs/XB-Radiation/bin/cmpress
[10:38:56] Determined cmpress version is 001001 from '# INFERNAL 1.1.5 (Sep 2023)'
[10:38:56] Looking for 'cmscan' - found /Users/liujiayu/opt/anaconda3/envs/XB-Radiation/bin/cmscan
[10:38:56] Determined cmscan version is 001001 from '# INFERNAL 1.1.5 (Sep 2023)'
[10:38:56] Looking for 'egrep' - found /usr/bin/egrep
[10:38:56] Looking for 'find' - found /usr/bin/find
[10:38:56] Looking for 'grep' - found /usr/bin/grep
[10:38:56] Looking for 'hmmpress' - found /Users/liujiayu/opt/anaconda3/envs/XB-Radiation/bin/hmmpress
[10:38:56] Determined hmmpress version is 003004 from '# HMMER 3.4 (Aug 2023); http://hmmer.org/'
[10:38:56] Looking for 'hmmscan' - found /Users/liujiayu/opt/anaconda3/envs/XB-Radiation/bin/hmmscan
[10:38:56] Determined hmmscan version is 003004 from '# HMMER 3.4 (Aug 2023); http://hmmer.org/'
[10:38:56] Looking for 'java' - found /Library/Java/JavaVirtualMachines/temurin-11.jdk/Contents/Home/bin/java
[10:38:56] Looking for 'makeblastdb' - found /Users/liujiayu/opt/anaconda3/envs/XB-Radiation/bin/makeblastdb
[10:38:56] Determined makeblastdb version is 002016 from 'makeblastdb: 2.16.0+'
[10:38:56] Looking for 'minced' - found /Users/liujiayu/opt/anaconda3/envs/XB-Radiation/bin/minced
[10:38:57] Determined minced version is 004002 from 'minced 0.4.2'
[10:38:57] Looking for 'parallel' - found /Users/liujiayu/opt/anaconda3/envs/XB-Radiation/bin/parallel
[10:38:57] Determined parallel version is 20250422 from 'GNU parallel 20250422'
[10:38:57] Looking for 'prodigal' - found /Users/liujiayu/opt/anaconda3/envs/XB-Radiation/bin/prodigal
[10:38:57] Determined prodigal version is 002006 from 'Prodigal V2.6.3: February, 2016'
[10:38:57] Looking for 'prokka-genbank_to_fasta_db' - found /Users/liujiayu/opt/anaconda3/envs/XB-Radiation/bin/prokka-genbank_to_fasta_db
[10:38:57] Looking for 'sed' - found /usr/bin/sed
[10:38:57] Looking for 'tbl2asn' - found /Users/liujiayu/opt/anaconda3/envs/XB-Radiation/bin/tbl2asn
[10:38:57] Determined tbl2asn version is 025007 from 'tbl2asn 25.7   arguments:'
[10:38:57] Using genetic code table 11.
[10:38:57] Loading and checking input file: /Users/liujiayu/Library/Mobile Documents/com~apple~CloudDocs/Joy/Á°ïÂ£´/ËÄêËæêÂ∞ÑËÆ∫Êñá/radiation-article/‰∏ÄÊîπ/Application/Example/genome_file/Deinococcus_cellulosilyticus_NBRC_106333_ASM799077v1.fasta
[10:38:57] Wrote 97 contigs totalling 6106829 bp.
[10:38:57] Predicting tRNAs and tmRNAs
[10:38:57] Running: aragorn -l -gc11  -w \/Users\/liujiayu\/Library\/Mobile\ Documents\/com\~apple\~CloudDocs\/Joy\/\Á\°\ï\Â\£\´\/\Ë\Ä\ê\Ë\æ\ê\Â\∞\Ñ\Ë\Æ\∫\Ê\ñ\á\/radiation\-article\/\‰\∏\Ä\Ê\î\π\/Application\/Example\/feature_ogs\/prokka_results\/prokka_Deinococcus_cellulosilyticus_NBRC_106333_ASM799077v1\/Deinococcus_cellulosilyticus_NBRC_106333_ASM799077v1\.fna
[10:38:59] 1 tRNA-Ser [241922,242011] 35 (gga)
[10:38:59] 1 tRNA-Glu c[147147,147221] 34 (ttc)
[10:38:59] 2 tRNA-Arg c[205904,205980] 35 (ccg)
[10:38:59] 1 tRNA-Ser c[108095,108175] 35 (gga)
[10:38:59] 1 tRNA-Arg c[72438,72514] 35 (acg)
[10:38:59] 2 tRNA-Ser c[72544,72634] 35 (gct)
[10:38:59] 3 tRNA-Ser c[72656,72743] 35 (tga)
[10:38:59] 4 tRNA-Gly [160090,160165] 34 (ccc)
[10:38:59] 5 tRNA-Ala [241574,241649] 34 (ggc)
[10:38:59] 1 tRNA-Pro c[219118,219194] 35 (cgg)
[10:38:59] 1 tRNA-Gln [44914,44987] 33 (ttg)
[10:38:59] 2 tmRNA [91192,91562] 92,139 GRNLQMGFQPALRAA*
[10:38:59] 3 tRNA-Leu [94486,94572] 35 (taa)
[10:38:59] 4 tRNA-Met [96729,96805] 35 (cat)
[10:38:59] 1 tRNA-Met [45164,45235] 34 (cat)
[10:38:59] 2 tRNA-Arg [45235,45307] 34 (acg)
[10:38:59] 3 tRNA-Ser [45312,45385] 36 (gct)
[10:38:59] tRNA [46399,46471] is a pseudo/wacky gene - skipping.
[10:38:59] 1 tRNA-Met [78026,78098] 34 (cat)
[10:38:59] 2 tRNA-Val [78105,78179] 33 (cac)
[10:38:59] 3 tRNA-Leu c[142459,142545] 35 (cag)
[10:38:59] 4 tRNA-Val c[154390,154464] 33 (gac)
[10:38:59] 5 tRNA-Cys c[154470,154544] 33 (gca)
[10:38:59] 1 tRNA-Gln [27943,28016] 33 (ctg)
[10:38:59] 2 tRNA-Asp [28391,28466] 34 (gtc)
[10:38:59] 3 tRNA-Gly c[52685,52759] 33 (tcc)
[10:38:59] 4 tRNA-His c[52839,52913] 34 (gtg)
[10:38:59] 5 tRNA-Ala [66038,66112] 33 (tgc)
[10:38:59] 6 tRNA-Met c[84768,84844] 35 (cat)
[10:38:59] 1 tRNA-Ala c[45639,45715] 35 (cgc)
[10:38:59] 2 tRNA-Asp [118746,118821] 34 (gtc)
[10:38:59] 3 tRNA-Phe [118826,118901] 34 (gaa)
[10:38:59] 4 tRNA-Thr [122951,123025] 33 (cgt)
[10:38:59] 1 tRNA-Ile [51455,51530] 34 (tat)
[10:38:59] 2 tRNA-Glu c[59181,59254] 35 (ttc)
[10:38:59] 3 tRNA-Arg c[59284,59360] 35 (acg)
[10:38:59] 4 tRNA-Leu c[59645,59730] 36 (cag)
[10:38:59] 5 tRNA-Pro c[62383,62459] 35 (ggg)
[10:38:59] 6 tRNA-Leu c[144816,144902] 35 (gag)
[10:38:59] 1 tRNA-Leu c[6189,6271] 35 (caa)
[10:38:59] 1 tRNA-Glu c[81838,81912] 34 (ttc)
[10:38:59] 1 tRNA-Thr c[127,201] 33 (ggt)
[10:38:59] 2 tRNA-Tyr c[207,292] 35 (gta)
[10:38:59] 3 tRNA-Thr c[339,414] 34 (tgt)
[10:38:59] 1 tRNA-Ala c[39157,39231] 33 (tgc)
[10:38:59] 2 tRNA-Ser c[64938,65027] 35 (cga)
[10:38:59] 3 tRNA-Gly c[87183,87258] 34 (gcc)
[10:38:59] 1 tRNA-Arg [68385,68461] 35 (cct)
[10:38:59] 1 tRNA-Ile [8132,8208] 35 (gat)
[10:38:59] 1 tRNA-Lys c[26013,26088] 34 (ttt)
[10:38:59] 1 tRNA-Val c[4702,4776] 33 (tac)
[10:38:59] 1 tRNA-Pro [10747,10821] 33 (tgg)
[10:38:59] 1 tRNA-Asp c[27219,27294] 34 (gtc)
[10:38:59] 1 tRNA-Gly [141,216] 34 (gcc)
[10:38:59] 1 tRNA-Lys c[1121,1196] 34 (ctt)
[10:38:59] 1 tRNA-Pro [23230,23306] 35 (tgg)
[10:38:59] 2 tRNA-Gly [23350,23423] 33 (tcc)
[10:38:59] 3 tRNA-Arg [23466,23542] 35 (tct)
[10:38:59] 1 tRNA-Gly [112,187] 34 (gcc)
[10:38:59] 1 tRNA-Asn c[1420,1494] 33 (gtt)
[10:38:59] 2 tRNA-Leu c[12520,12604] 35 (tag)
[10:38:59] 3 tRNA-His c[12623,12699] 35 (gtg)
[10:38:59] Found 61 tRNAs
[10:38:59] Predicting Ribosomal RNAs
[10:38:59] Running Barrnap with 10 threads
[10:39:00] 1 NZ_BJXB01000025.1 87345 5S ribosomal RNA
[10:39:00] 2 NZ_BJXB01000073.1 15 5S ribosomal RNA
[10:39:00] 3 NZ_BJXB01000073.1 184 23S ribosomal RNA
[10:39:00] 4 NZ_BJXB01000080.1 6 16S ribosomal RNA
[10:39:00] Found 4 rRNAs
[10:39:00] Skipping ncRNA search, enable with --rfam if desired.
[10:39:00] Total of 64 tRNA + rRNA features
[10:39:00] Searching for CRISPR repeats
[10:39:00] CRISPR1 NZ_BJXB01000007.1 126817 with 31 spacers
[10:39:00] Found 1 CRISPRs
[10:39:00] Predicting coding sequences
[10:39:00] Contigs total 6106829 bp, so using single mode
[10:39:00] Running: prodigal -i \/Users\/liujiayu\/Library\/Mobile\ Documents\/com\~apple\~CloudDocs\/Joy\/\Á\°\ï\Â\£\´\/\Ë\Ä\ê\Ë\æ\ê\Â\∞\Ñ\Ë\Æ\∫\Ê\ñ\á\/radiation\-article\/\‰\∏\Ä\Ê\î\π\/Application\/Example\/feature_ogs\/prokka_results\/prokka_Deinococcus_cellulosilyticus_NBRC_106333_ASM799077v1\/Deinococcus_cellulosilyticus_NBRC_106333_ASM799077v1\.fna -c -m -g 11 -p single -f sco -q
[10:39:05] Excluding CDS which overlaps existing RNA (tRNA) at NZ_BJXB01000004.1:106629..109607 on - strand
[10:39:05] Excluding CDS which overlaps existing RNA (repeat_region) at NZ_BJXB01000007.1:127668..128264 on - strand
[10:39:05] Excluding CDS which overlaps existing RNA (tRNA) at NZ_BJXB01000010.1:45348..46322 on - strand
[10:39:05] Excluding CDS which overlaps existing RNA (tRNA) at NZ_BJXB01000013.1:52383..52907 on - strand
[10:39:06] Excluding CDS which overlaps existing RNA (tRNA) at NZ_BJXB01000015.1:59365..59841 on + strand
[10:39:07] Excluding CDS which overlaps existing RNA (rRNA) at NZ_BJXB01000080.1:1155..1400 on + strand
[10:39:07] Found 5856 CDS
[10:39:07] Connecting features back to sequences
[10:39:07] Not using genus-specific database. Try --usegenus to enable it.
[10:39:07] Annotating CDS, please be patient.
[10:39:07] Will use 10 CPUs for similarity searching.
[10:39:08] There are still 5856 unannotated CDS left (started with 5856)
[10:39:08] Will use blast to search against /Users/liujiayu/opt/anaconda3/envs/XB-Radiation/db/kingdom/Bacteria/IS with 10 CPUs
[10:39:08] Running: cat \/Users\/liujiayu\/Library\/Mobile\ Documents\/com\~apple\~CloudDocs\/Joy\/\Á\°\ï\Â\£\´\/\Ë\Ä\ê\Ë\æ\ê\Â\∞\Ñ\Ë\Æ\∫\Ê\ñ\á\/radiation\-article\/\‰\∏\Ä\Ê\î\π\/Application\/Example\/feature_ogs\/prokka_results\/prokka_Deinococcus_cellulosilyticus_NBRC_106333_ASM799077v1\/Deinococcus_cellulosilyticus_NBRC_106333_ASM799077v1\.IS\.tmp\.46442\.faa | parallel --gnu --plain -j 10 --block 91519 --recstart '>' --pipe blastp -query - -db /Users/liujiayu/opt/anaconda3/envs/XB-Radiation/db/kingdom/Bacteria/IS -evalue 1e-30 -qcov_hsp_perc 90 -num_threads 1 -num_descriptions 1 -num_alignments 1 -seg no > \/Users\/liujiayu\/Library\/Mobile\ Documents\/com\~apple\~CloudDocs\/Joy\/\Á\°\ï\Â\£\´\/\Ë\Ä\ê\Ë\æ\ê\Â\∞\Ñ\Ë\Æ\∫\Ê\ñ\á\/radiation\-article\/\‰\∏\Ä\Ê\î\π\/Application\/Example\/feature_ogs\/prokka_results\/prokka_Deinococcus_cellulosilyticus_NBRC_106333_ASM799077v1\/Deinococcus_cellulosilyticus_NBRC_106333_ASM799077v1\.IS\.tmp\.46442\.blast 2> /dev/null
[10:39:18] Deleting unwanted file: /Users/liujiayu/Library/Mobile Documents/com~apple~CloudDocs/Joy/Á°ïÂ£´/ËÄêËæêÂ∞ÑËÆ∫Êñá/radiation-article/‰∏ÄÊîπ/Application/Example/feature_ogs/prokka_results/prokka_Deinococcus_cellulosilyticus_NBRC_106333_ASM799077v1/Deinococcus_cellulosilyticus_NBRC_106333_ASM799077v1.IS.tmp.46442.faa
[10:39:18] Deleting unwanted file: /Users/liujiayu/Library/Mobile Documents/com~apple~CloudDocs/Joy/Á°ïÂ£´/ËÄêËæêÂ∞ÑËÆ∫Êñá/radiation-article/‰∏ÄÊîπ/Application/Example/feature_ogs/prokka_results/prokka_Deinococcus_cellulosilyticus_NBRC_106333_ASM799077v1/Deinococcus_cellulosilyticus_NBRC_106333_ASM799077v1.IS.tmp.46442.blast
[10:39:19] There are still 5821 unannotated CDS left (started with 5856)
[10:39:19] Will use blast to search against /Users/liujiayu/opt/anaconda3/envs/XB-Radiation/db/kingdom/Bacteria/AMR with 10 CPUs
[10:39:19] Running: cat \/Users\/liujiayu\/Library\/Mobile\ Documents\/com\~apple\~CloudDocs\/Joy\/\Á\°\ï\Â\£\´\/\Ë\Ä\ê\Ë\æ\ê\Â\∞\Ñ\Ë\Æ\∫\Ê\ñ\á\/radiation\-article\/\‰\∏\Ä\Ê\î\π\/Application\/Example\/feature_ogs\/prokka_results\/prokka_Deinococcus_cellulosilyticus_NBRC_106333_ASM799077v1\/Deinococcus_cellulosilyticus_NBRC_106333_ASM799077v1\.AMR\.tmp\.46442\.faa | parallel --gnu --plain -j 10 --block 90812 --recstart '>' --pipe blastp -query - -db /Users/liujiayu/opt/anaconda3/envs/XB-Radiation/db/kingdom/Bacteria/AMR -evalue 1e-300 -qcov_hsp_perc 90 -num_threads 1 -num_descriptions 1 -num_alignments 1 -seg no > \/Users\/liujiayu\/Library\/Mobile\ Documents\/com\~apple\~CloudDocs\/Joy\/\Á\°\ï\Â\£\´\/\Ë\Ä\ê\Ë\æ\ê\Â\∞\Ñ\Ë\Æ\∫\Ê\ñ\á\/radiation\-article\/\‰\∏\Ä\Ê\î\π\/Application\/Example\/feature_ogs\/prokka_results\/prokka_Deinococcus_cellulosilyticus_NBRC_106333_ASM799077v1\/Deinococcus_cellulosilyticus_NBRC_106333_ASM799077v1\.AMR\.tmp\.46442\.blast 2> /dev/null
[10:39:26] Deleting unwanted file: /Users/liujiayu/Library/Mobile Documents/com~apple~CloudDocs/Joy/Á°ïÂ£´/ËÄêËæêÂ∞ÑËÆ∫Êñá/radiation-article/‰∏ÄÊîπ/Application/Example/feature_ogs/prokka_results/prokka_Deinococcus_cellulosilyticus_NBRC_106333_ASM799077v1/Deinococcus_cellulosilyticus_NBRC_106333_ASM799077v1.AMR.tmp.46442.faa
[10:39:26] Deleting unwanted file: /Users/liujiayu/Library/Mobile Documents/com~apple~CloudDocs/Joy/Á°ïÂ£´/ËÄêËæêÂ∞ÑËÆ∫Êñá/radiation-article/‰∏ÄÊîπ/Application/Example/feature_ogs/prokka_results/prokka_Deinococcus_cellulosilyticus_NBRC_106333_ASM799077v1/Deinococcus_cellulosilyticus_NBRC_106333_ASM799077v1.AMR.tmp.46442.blast
[10:39:27] There are still 5821 unannotated CDS left (started with 5856)
[10:39:27] Will use blast to search against /Users/liujiayu/opt/anaconda3/envs/XB-Radiation/db/kingdom/Bacteria/sprot with 10 CPUs
[10:39:27] Running: cat \/Users\/liujiayu\/Library\/Mobile\ Documents\/com\~apple\~CloudDocs\/Joy\/\Á\°\ï\Â\£\´\/\Ë\Ä\ê\Ë\æ\ê\Â\∞\Ñ\Ë\Æ\∫\Ê\ñ\á\/radiation\-article\/\‰\∏\Ä\Ê\î\π\/Application\/Example\/feature_ogs\/prokka_results\/prokka_Deinococcus_cellulosilyticus_NBRC_106333_ASM799077v1\/Deinococcus_cellulosilyticus_NBRC_106333_ASM799077v1\.sprot\.tmp\.46442\.faa | parallel --gnu --plain -j 10 --block 90812 --recstart '>' --pipe blastp -query - -db /Users/liujiayu/opt/anaconda3/envs/XB-Radiation/db/kingdom/Bacteria/sprot -evalue 1e-09 -qcov_hsp_perc 80 -num_threads 1 -num_descriptions 1 -num_alignments 1 -seg no > \/Users\/liujiayu\/Library\/Mobile\ Documents\/com\~apple\~CloudDocs\/Joy\/\Á\°\ï\Â\£\´\/\Ë\Ä\ê\Ë\æ\ê\Â\∞\Ñ\Ë\Æ\∫\Ê\ñ\á\/radiation\-article\/\‰\∏\Ä\Ê\î\π\/Application\/Example\/feature_ogs\/prokka_results\/prokka_Deinococcus_cellulosilyticus_NBRC_106333_ASM799077v1\/Deinococcus_cellulosilyticus_NBRC_106333_ASM799077v1\.sprot\.tmp\.46442\.blast 2> /dev/null
[10:40:02] Modify product: Probable membrane transporter protein YfcA => putative membrane transporter protein YfcA
[10:40:02] Modify product: Uncharacterized cysteine-rich protein YhjQ => putative cysteine-rich protein YhjQ
[10:40:02] Modify product: Putative esterase PA1618 => Putative esterase
[10:40:02] Modify product: Uncharacterized aminopeptidase Rv1333 => putative aminopeptidase
[10:40:03] Modify product: Uncharacterized oxidoreductase YgfF => putative oxidoreductase YgfF
[10:40:03] Modify product: NAD(P)H-dependent FMN reductase PA1204 => NAD(P)H-dependent FMN reductase
[10:40:03] Modify product: Probable SapB synthase => putative SapB synthase
[10:40:03] Modify product: Uncharacterized HTH-type transcriptional regulator Rv1556 => putative HTH-type transcriptional regulator
[10:40:03] Modify product: Uncharacterized protein HI_1472 => putative protein
[10:40:03] Modify product: Probable quorum-quenching lactonase YtnP => putative quorum-quenching lactonase YtnP
[10:40:03] Modify product: Probable 2-phosphosulfolactate phosphatase => putative 2-phosphosulfolactate phosphatase
[10:40:03] Modify product: Uncharacterized protein Rv1290c => putative protein
[10:40:03] Modify product: Sulfurtransferase Alvin_2599 => Sulfurtransferase
[10:40:03] Modify product: Bifunctional protein FolD => Bifunctional protein FolD protein
[10:40:03] Modify product: Phosphatase Rv3376 => Phosphatase
[10:40:03] Modify product: UPF0053 protein Rv1842c => hypothetical protein
[10:40:03] Modify product: Uncharacterized sugar kinase YdjH => putative sugar kinase YdjH
[10:40:03] Modify product: Uncharacterized ABC transporter ATP-binding protein YknY => putative ABC transporter ATP-binding protein YknY
[10:40:03] Modify product: Probable acyl-CoA dehydrogenase => putative acyl-CoA dehydrogenase
[10:40:03] Modify product: Probable membrane transporter protein YfcA => putative membrane transporter protein YfcA
[10:40:03] Modify product: Putative HTH-type transcriptional regulator Rv1287 => Putative HTH-type transcriptional regulator
[10:40:03] Modify product: Uncharacterized FAD-linked oxidoreductase YvdP => putative FAD-linked oxidoreductase YvdP
[10:40:03] Modify product: Probable FMN/FAD exporter YeeO => putative FMN/FAD exporter YeeO
[10:40:03] Modify product: Ribonuclease TTHA0252 => Ribonuclease
[10:40:03] Modify product: Putative multidrug export ATP-binding/permease protein SAV1866 => Putative multidrug export ATP-binding/permease protein
[10:40:03] Modify product: Uncharacterized ABC transporter ATP-binding protein YknY => putative ABC transporter ATP-binding protein YknY
[10:40:03] Modify product: Probable 2-phosphosulfolactate phosphatase => putative 2-phosphosulfolactate phosphatase
[10:40:03] Modify product: Phosphatase/phosphodiesterase DR_1281 => Phosphatase/phosphodiesterase
[10:40:03] Modify product: Probable GTPase Rv1496 => putative GTPase
[10:40:03] Modify product: Probable chromate transport protein => putative chromate transport protein
[10:40:03] Modify product: Probable metallo-hydrolase YflN => putative metallo-hydrolase YflN
[10:40:03] Modify product: Uncharacterized protein YdjI => putative protein YdjI
[10:40:03] Modify product: Uncharacterized multiple-sugar transport system permease YteP => putative multiple-sugar transport system permease YteP
[10:40:03] Modify product: Uncharacterized oxidoreductase UxuB => putative oxidoreductase UxuB
[10:40:03] Modify product: Solute-binding protein Bpro_3107 => Solute-binding protein
[10:40:03] Modify product: Uncharacterized ABC transporter ATP-binding protein YknY => putative ABC transporter ATP-binding protein YknY
[10:40:03] Modify product: UPF0176 protein lpg2838 => hypothetical protein
[10:40:03] Modify product: Probable N-octanoylanthranilate hydrolase AqdA1 => putative N-octanoylanthranilate hydrolase AqdA1
[10:40:03] Modify product: Probable N-octanoylanthranilate hydrolase AqdA1 => putative N-octanoylanthranilate hydrolase AqdA1
[10:40:03] Modify product: Uncharacterized protein YedJ => putative protein YedJ
[10:40:03] Modify product: Uncharacterized protein YpjD => putative protein YpjD
[10:40:03] Modify product: Probable manganese-dependent inorganic pyrophosphatase => putative manganese-dependent inorganic pyrophosphatase
[10:40:03] Modify product: Uncharacterized ABC transporter ATP-binding protein YxlF => putative ABC transporter ATP-binding protein YxlF
[10:40:03] Modify product: Uncharacterized protein YehL => putative protein YehL
[10:40:03] Modify product: Uncharacterized oxidoreductase CzcO => putative oxidoreductase CzcO
[10:40:03] Modify product: Transcriptional repressor SmtB homolog => Transcriptional repressor SmtB 
[10:40:03] Modify product: Transcriptional repressor SmtB homolog => Transcriptional repressor SmtB 
[10:40:03] Modify product: Zinc-type alcohol dehydrogenase-like protein SA1988 => Zinc-type alcohol dehydrogenase-like protein
[10:40:03] Modify product: Putative phosphoribosyl transferase Rv0571c => Putative phosphoribosyl transferase
[10:40:03] Modify product: UPF0060 membrane protein YnfA => hypothetical protein
[10:40:03] Modify product: Probable D,D-dipeptide-binding periplasmic protein DdpA => putative D,D-dipeptide-binding periplasmic protein DdpA
[10:40:03] Modify product: Putative multidrug export ATP-binding/permease protein SAV1866 => Putative multidrug export ATP-binding/permease protein
[10:40:03] Modify product: Phosphorylated carbohydrates phosphatase TM_1254 => Phosphorylated carbohydrates phosphatase
[10:40:03] Modify product: Uncharacterized protein Rv2850c => putative protein
[10:40:03] Modify product: Uncharacterized oxidoreductase CzcO => putative oxidoreductase CzcO
[10:40:03] Modify product: Uncharacterized ABC transporter ATP-binding protein YknY => putative ABC transporter ATP-binding protein YknY
[10:40:03] Modify product: Uncharacterized zinc protease Rv2782c => putative zinc protease
[10:40:03] Modify product: Uncharacterized zinc protease Rv2782c => putative zinc protease
[10:40:03] Modify product: Probable CtpA-like serine protease => putative CtpA-like serine protease
[10:40:03] Modify product: Probable D,D-dipeptide-binding periplasmic protein DdpA => putative D,D-dipeptide-binding periplasmic protein DdpA
[10:40:03] Modify product: Probable N-acetyl-alpha-D-glucosaminyl L-malate deacetylase 2 => putative N-acetyl-alpha-D-glucosaminyl L-malate deacetylase 2
[10:40:03] Modify product: Uncharacterized ABC transporter ATP-binding protein TM_0288 => putative ABC transporter ATP-binding protein
[10:40:03] Modify product: Putative multidrug export ATP-binding/permease protein SAV1866 => Putative multidrug export ATP-binding/permease protein
[10:40:03] Modify product: Cyclic di-GMP phosphodiesterase TM_0186 => Cyclic di-GMP phosphodiesterase
[10:40:03] Modify product: Uncharacterized inner membrane transporter YedA => putative inner membrane transporter YedA
[10:40:03] Modify product: Probable alginate O-acetylase AlgJ => putative alginate O-acetylase AlgJ
[10:40:03] Modify product: Cyclic di-GMP phosphodiesterase TM_0186 => Cyclic di-GMP phosphodiesterase
[10:40:03] Modify product: Uncharacterized acyl-CoA thioester hydrolase HI_0827 => putative acyl-CoA thioester hydrolase
[10:40:03] Modify product: UPF0301 protein VC_0467 => hypothetical protein
[10:40:03] Modify product: Sulfurtransferase Alvin_2599 => Sulfurtransferase
[10:40:03] Modify product: Zinc-type alcohol dehydrogenase-like protein SA1988 => Zinc-type alcohol dehydrogenase-like protein
[10:40:03] Modify product: Uncharacterized protein Rv1841c => putative protein
[10:40:03] Modify product: UPF0053 protein Rv1842c => hypothetical protein
[10:40:03] Modify product: Uncharacterized ABC transporter ATP-binding protein TM_0288 => putative ABC transporter ATP-binding protein
[10:40:03] Modify product: Probable siderophore transport system ATP-binding protein YusV => putative siderophore transport system ATP-binding protein YusV
[10:40:03] Modify product: Probable siderophore-binding lipoprotein YfiY => putative siderophore-binding lipoprotein YfiY
[10:40:03] Modify product: Probable siderophore transport system permease protein YfhA => putative siderophore transport system permease protein YfhA
[10:40:03] Modify product: Probable siderophore transport system permease protein YfiZ => putative siderophore transport system permease protein YfiZ
[10:40:03] Modify product: Putative O-phosphotransferase Rv2636 => Putative O-phosphotransferase
[10:40:03] Modify product: UPF0073 inner membrane protein YqfA => hypothetical protein
[10:40:03] Modify product: Uncharacterized transporter Rv2685 => putative transporter
[10:40:03] Modify product: Uncharacterized HTH-type transcriptional regulator YybR => putative HTH-type transcriptional regulator YybR
[10:40:03] Modify product: UPF0051 protein SA0778 => hypothetical protein
[10:40:03] Modify product: UPF0051 protein SA0778 => hypothetical protein
[10:40:03] Modify product: Putative esterase aq_1494 => Putative esterase
[10:40:03] Modify product: UPF0053 inner membrane protein YgdQ => hypothetical protein
[10:40:03] Modify product: Probable glycolipid permease LtaA => putative glycolipid permease LtaA
[10:40:03] Modify product: Bifunctional protein FolD => Bifunctional protein FolD protein
[10:40:03] Modify product: Uncharacterized HTH-type transcriptional regulator YxaF => putative HTH-type transcriptional regulator YxaF
[10:40:03] Modify product: Multidrug efflux system ATP-binding protein Rv1218c => Multidrug efflux system ATP-binding protein
[10:40:03] Modify product: Uncharacterized protein Spy1614 => putative protein
[10:40:03] Modify product: Uncharacterized protein SA1069 => putative protein
[10:40:03] Modify product: Probable manganese catalase => putative manganese catalase
[10:40:03] Modify product: Probable TtuB-protein conjugate cleaving protease => putative TtuB-protein conjugate cleaving protease
[10:40:03] Modify product: Uncharacterized protein YycE => putative protein YycE
[10:40:03] Modify product: Probable metallo-hydrolase YflN => putative metallo-hydrolase YflN
[10:40:03] Modify product: KsdD-like steroid dehydrogenase MSMEG_5835 => KsdD-like steroid dehydrogenase
[10:40:03] Modify product: Uncharacterized ABC transporter ATP-binding protein YknY => putative ABC transporter ATP-binding protein YknY
[10:40:03] Modify product: Transcriptional repressor SmtB homolog => Transcriptional repressor SmtB 
[10:40:03] Modify product: Uncharacterized protein DR_0888 => putative protein
[10:40:03] Modify product: Uncharacterized multiple-sugar transport system permease YteP => putative multiple-sugar transport system permease YteP
[10:40:03] Modify product: Probable undecaprenyl-phosphate N-acetylglucosaminyl 1-phosphate transferase => putative undecaprenyl-phosphate N-acetylglucosaminyl 1-phosphate transferase
[10:40:03] Modify product: Uncharacterized oxidoreductase SA2266 => putative oxidoreductase
[10:40:03] Modify product: Phosphatase Rv3376 => Phosphatase
[10:40:03] Modify product: Uncharacterized protein YjbR => putative protein YjbR
[10:40:03] Modify product: Putative low molecular weight protein-tyrosine-phosphatase slr0328 => Putative low molecular weight protein-tyrosine-phosphatase
[10:40:03] Modify product: Uncharacterized ABC transporter ATP-binding protein YknY => putative ABC transporter ATP-binding protein YknY
[10:40:03] Modify product: Phage shock protein A homolog => Phage shock protein A 
[10:40:03] Modify product: Probable tautomerase HP_0924 => putative tautomerase
[10:40:03] Modify product: Probable nitrate transporter NarT => putative nitrate transporter NarT
[10:40:03] Modify product: UPF0173 metal-dependent hydrolase TM_1162 => hypothetical protein
[10:40:03] Modify product: Uncharacterized protein YphB => putative protein YphB
[10:40:03] Modify product: Nucleotide-binding protein Rv1421 => Nucleotide-binding protein
[10:40:03] Modify product: Probable type I restriction enzyme BthVORF4518P M protein => putative type I restriction enzymeP M protein
[10:40:03] Modify product: UPF0073 inner membrane protein YqfA => hypothetical protein
[10:40:03] Modify product: Uncharacterized protein HI_1388.1 => putative protein.1
[10:40:03] Modify product: Probable adenylyltransferase/sulfurtransferase MoeZ => putative adenylyltransferase/sulfurtransferase MoeZ
[10:40:03] Modify product: Uncharacterized sugar transferase EpsL => putative sugar transferase EpsL
[10:40:03] Modify product: NAD(P)H-dependent FMN reductase PA1204 => NAD(P)H-dependent FMN reductase
[10:40:03] Modify product: Probable UbiX-like flavin prenyltransferase => putative UbiX-like flavin prenyltransferase
[10:40:03] Modify product: Segregation and condensation protein B homolog => Segregation and condensation protein B 
[10:40:03] Modify product: Probable subtilase-type serine protease DR_A0283 => putative subtilase-type serine protease
[10:40:03] Modify product: Multidrug efflux system ATP-binding protein Rv1218c => Multidrug efflux system ATP-binding protein
[10:40:03] Modify product: UPF0056 inner membrane protein YhgN => hypothetical protein
[10:40:03] Modify product: Uncharacterized HTH-type transcriptional regulator HI_0186 => putative HTH-type transcriptional regulator
[10:40:03] Modify product: Putative transport protein Rv0205 => Putative transport protein
[10:40:03] Modify product: Probable dimethyl sulfoxide reductase chain YnfF => putative dimethyl sulfoxide reductase chain YnfF
[10:40:03] Modify product: Uncharacterized SufE-like protein Rv3284 => putative SufE-like protein
[10:40:03] Modify product: UPF0145 protein YbjQ => hypothetical protein
[10:40:03] Modify product: Probable HTH-type transcriptional repressor ExuR => putative HTH-type transcriptional repressor ExuR
[10:40:03] Modify product: Probable cystine transporter YijE => putative cystine transporter YijE
[10:40:03] Modify product: Probable 2,4-dienoyl-CoA reductase => putative 2,4-dienoyl-CoA reductase
[10:40:03] Modify product: Putative glutamine amidotransferase Rv2859c => Putative glutamine amidotransferase
[10:40:03] Modify product: UPF0702 transmembrane protein YetF => hypothetical protein
[10:40:03] Modify product: Probable ABC transporter-binding protein DR_1571 => putative ABC transporter-binding protein
[10:40:03] Modify product: Probable RNA 2'-phosphotransferase => putative RNA 2'-phosphotransferase
[10:40:03] Modify product: Uncharacterized FAD-linked oxidoreductase Rv2280 => putative FAD-linked oxidoreductase
[10:40:04] Modify product: Uncharacterized hydrolase HI_0588 => putative hydrolase
[10:40:04] Modify product: Probable metallo-hydrolase YflN => putative metallo-hydrolase YflN
[10:40:04] Modify product: Probable nitrate transporter NarT => putative nitrate transporter NarT
[10:40:04] Modify product: UPF0225 protein YchJ => hypothetical protein
[10:40:04] Modify product: Probable adenylyl-sulfate kinase => putative adenylyl-sulfate kinase
[10:40:04] Modify product: Probable transcriptional regulatory protein HI_0315 => putative transcriptional regulatory protein
[10:40:04] Modify product: UPF0312 protein SA2479 => hypothetical protein
[10:40:04] Modify product: Probable dual-specificity RNA methyltransferase RlmN => putative dual-specificity RNA methyltransferase RlmN
[10:40:04] Modify product: Uncharacterized membrane protein Rv2637 => putative membrane protein
[10:40:04] Modify product: Uncharacterized FAD-linked oxidoreductase Rv2280 => putative FAD-linked oxidoreductase
[10:40:04] Modify product: Uncharacterized N-acetyltransferase YsnE => putative N-acetyltransferase YsnE
[10:40:04] Modify product: Leu/Ile/Val-binding protein homolog 3 => Leu/Ile/Val-binding protein 
[10:40:04] Modify product: Uncharacterized protein YcbX => putative protein YcbX
[10:40:04] Modify product: GTP cyclohydrolase 1 type 2 homolog => GTP cyclohydrolase 1 type 2 
[10:40:04] Modify product: Probable butyrate:acetyl-CoA coenzyme A-transferase => putative butyrate:acetyl-CoA coenzyme A-transferase
[10:40:04] Modify product: Uncharacterized amino acid permease YhdG => putative amino acid permease YhdG
[10:40:04] Modify product: Probable subtilase-type serine protease DR_A0283 => putative subtilase-type serine protease
[10:40:04] Modify product: Multidrug efflux system ATP-binding protein Rv1218c => Multidrug efflux system ATP-binding protein
[10:40:04] Modify product: Probable sugar-binding periplasmic protein => putative sugar-binding periplasmic protein
[10:40:04] Modify product: Uncharacterized protein Rv2030c => putative protein
[10:40:04] Modify product: Uncharacterized HTH-type transcriptional regulator BA_1941/GBAA_1941/BAS1801 => putative HTH-type transcriptional regulator/GBAA_1941/BAS1801
[10:40:04] Modify product: Uncharacterized oxidoreductase CzcO => putative oxidoreductase CzcO
[10:40:04] Modify product: Uncharacterized protein YcnI => putative protein YcnI
[10:40:04] Modify product: Putative multidrug export ATP-binding/permease protein SAV1866 => Putative multidrug export ATP-binding/permease protein
[10:40:04] Modify product: UPF0382 membrane protein YwdK => hypothetical protein
[10:40:04] Modify product: Probable L-asparaginase periplasmic => putative L-asparaginase periplasmic
[10:40:04] Modify product: Uncharacterized protein YbcJ => putative protein YbcJ
[10:40:04] Modify product: Fatty acid-binding protein TM_1468 => Fatty acid-binding protein
[10:40:04] Modify product: Rqc2 homolog RqcH => Rqc2 RqcH
[10:40:04] Modify product: Probable nicotinate-nucleotide pyrophosphorylase [carboxylating] => putative nicotinate-nucleotide pyrophosphorylase [carboxylating]
[10:40:04] Modify product: Uncharacterized PIN and TRAM-domain containing protein TTHA0540 => putative PIN and TRAM-domain containing protein
[10:40:04] Modify product: Uncharacterized ABC transporter ATP-binding protein YknY => putative ABC transporter ATP-binding protein YknY
[10:40:04] Modify product: Probable GTPase Rv1496 => putative GTPase
[10:40:04] Modify product: Uncharacterized membrane protein YdfK => putative membrane protein YdfK
[10:40:04] Modify product: Uncharacterized metal-dependent hydrolase TatD => putative metal-dependent hydrolase TatD
[10:40:04] Modify product: Probable multidrug resistance ABC transporter ATP-binding/permease protein YheI => putative multidrug resistance ABC transporter ATP-binding/permease protein YheI
[10:40:04] Modify product: Uncharacterized ABC transporter ATP-binding protein TM_0288 => putative ABC transporter ATP-binding protein
[10:40:04] Modify product: Uncharacterized protein Rv2411c => putative protein
[10:40:04] Modify product: Uncharacterized protein Rv2569c => putative protein
[10:40:04] Modify product: Uncharacterized oxidoreductase SA2266 => putative oxidoreductase
[10:40:04] Modify product: Phosphate-specific transport system accessory protein PhoU homolog => Phosphate-specific transport system accessory protein PhoU 
[10:40:04] Modify product: Uncharacterized inner membrane transporter YedA => putative inner membrane transporter YedA
[10:40:04] Modify product: Nucleoid-associated protein DR_0199 => Nucleoid-associated protein
[10:40:04] Modify product: Uncharacterized oxidoreductase YdgJ => putative oxidoreductase YdgJ
[10:40:04] Modify product: 60 kDa SS-A/Ro ribonucleoprotein homolog => 60 kDa SS-A/Ro ribonucleoprotein 
[10:40:04] Modify product: Probable 3-hydroxybutyryl-CoA dehydrogenase => putative 3-hydroxybutyryl-CoA dehydrogenase
[10:40:04] Modify product: Monocarboxylate 2-oxoacid-binding periplasmic protein all3028 => Monocarboxylate 2-oxoacid-binding periplasmic protein
[10:40:04] Modify product: UPF0126 inner membrane protein YadS => hypothetical protein
[10:40:04] Modify product: Uncharacterized protein YccU => putative protein YccU
[10:40:04] Modify product: Uncharacterized protein DR_0888 => putative protein
[10:40:04] Modify product: Probable 3-hydroxyacyl-CoA dehydrogenase => putative 3-hydroxyacyl-CoA dehydrogenase
[10:40:04] Modify product: Uncharacterized protein YisK => putative protein YisK
[10:40:04] Modify product: Phosphate-specific transport system accessory protein PhoU homolog => Phosphate-specific transport system accessory protein PhoU 
[10:40:04] Modify product: Uncharacterized protein YpbG => putative protein YpbG
[10:40:04] Modify product: UPF0098 protein YbcL => hypothetical protein
[10:40:04] Modify product: Probable ABC transporter-binding protein DR_1438 => putative ABC transporter-binding protein
[10:40:04] Modify product: Probable multidrug ABC transporter ATP-binding protein YbhF => putative multidrug ABC transporter ATP-binding protein YbhF
[10:40:04] Modify product: Uncharacterized protein Rv2030c => putative protein
[10:40:04] Modify product: Peptidoglycan-N-acetylglucosamine deacetylase BC_3618 => Peptidoglycan-N-acetylglucosamine deacetylase
[10:40:04] Modify product: Probable ABC transporter-binding protein DR_1438 => putative ABC transporter-binding protein
[10:40:04] Modify product: Probable ABC transporter ATP-binding/permease protein HI_0664 => putative ABC transporter ATP-binding/permease protein
[10:40:04] Modify product: UPF0173 metal-dependent hydrolase TM_1162 => hypothetical protein
[10:40:04] Modify product: Probable N-succinyldiaminopimelate aminotransferase DapC => putative N-succinyldiaminopimelate aminotransferase DapC
[10:40:04] Modify product: Uncharacterized HTH-type transcriptional regulator HI_0186 => putative HTH-type transcriptional regulator
[10:40:04] Modify product: Uncharacterized FAD-linked oxidoreductase YvdP => putative FAD-linked oxidoreductase YvdP
[10:40:04] Modify product: UPF0304 protein YfbU => hypothetical protein
[10:40:04] Modify product: Uncharacterized protein Rv3254 => putative protein
[10:40:04] Modify product: Uncharacterized ABC transporter ATP-binding protein YxlF => putative ABC transporter ATP-binding protein YxlF
[10:40:04] Modify product: Probable peptidyl-prolyl cis-trans isomerase => putative peptidyl-prolyl cis-trans isomerase
[10:40:04] Modify product: Uncharacterized MFS-type transporter EfpA => putative MFS-type transporter EfpA
[10:40:04] Cleaned 207 /product names
[10:40:04] Deleting unwanted file: /Users/liujiayu/Library/Mobile Documents/com~apple~CloudDocs/Joy/Á°ïÂ£´/ËÄêËæêÂ∞ÑËÆ∫Êñá/radiation-article/‰∏ÄÊîπ/Application/Example/feature_ogs/prokka_results/prokka_Deinococcus_cellulosilyticus_NBRC_106333_ASM799077v1/Deinococcus_cellulosilyticus_NBRC_106333_ASM799077v1.sprot.tmp.46442.faa
[10:40:04] Deleting unwanted file: /Users/liujiayu/Library/Mobile Documents/com~apple~CloudDocs/Joy/Á°ïÂ£´/ËÄêËæêÂ∞ÑËÆ∫Êñá/radiation-article/‰∏ÄÊîπ/Application/Example/feature_ogs/prokka_results/prokka_Deinococcus_cellulosilyticus_NBRC_106333_ASM799077v1/Deinococcus_cellulosilyticus_NBRC_106333_ASM799077v1.sprot.tmp.46442.blast
[10:40:04] There are still 3854 unannotated CDS left (started with 5856)
[10:40:04] Will use hmmer3 to search against /Users/liujiayu/opt/anaconda3/envs/XB-Radiation/db/hmm/HAMAP.hmm with 10 CPUs
[10:40:04] Running: cat \/Users\/liujiayu\/Library\/Mobile\ Documents\/com\~apple\~CloudDocs\/Joy\/\Á\°\ï\Â\£\´\/\Ë\Ä\ê\Ë\æ\ê\Â\∞\Ñ\Ë\Æ\∫\Ê\ñ\á\/radiation\-article\/\‰\∏\Ä\Ê\î\π\/Application\/Example\/feature_ogs\/prokka_results\/prokka_Deinococcus_cellulosilyticus_NBRC_106333_ASM799077v1\/Deinococcus_cellulosilyticus_NBRC_106333_ASM799077v1\.HAMAP\.hmm\.tmp\.46442\.faa | parallel --gnu --plain -j 10 --block 56456 --recstart '>' --pipe hmmscan --noali --notextw --acc -E 1e-09 --cpu 1 /Users/liujiayu/opt/anaconda3/envs/XB-Radiation/db/hmm/HAMAP.hmm /dev/stdin > \/Users\/liujiayu\/Library\/Mobile\ Documents\/com\~apple\~CloudDocs\/Joy\/\Á\°\ï\Â\£\´\/\Ë\Ä\ê\Ë\æ\ê\Â\∞\Ñ\Ë\Æ\∫\Ê\ñ\á\/radiation\-article\/\‰\∏\Ä\Ê\î\π\/Application\/Example\/feature_ogs\/prokka_results\/prokka_Deinococcus_cellulosilyticus_NBRC_106333_ASM799077v1\/Deinococcus_cellulosilyticus_NBRC_106333_ASM799077v1\.HAMAP\.hmm\.tmp\.46442\.hmmer3 2> /dev/null
[10:40:44] Modify product: Uncharacterized Nudix hydrolase NudL => putative Nudix hydrolase NudL
[10:40:45] Cleaned 1 /product names
[10:40:45] Deleting unwanted file: /Users/liujiayu/Library/Mobile Documents/com~apple~CloudDocs/Joy/Á°ïÂ£´/ËÄêËæêÂ∞ÑËÆ∫Êñá/radiation-article/‰∏ÄÊîπ/Application/Example/feature_ogs/prokka_results/prokka_Deinococcus_cellulosilyticus_NBRC_106333_ASM799077v1/Deinococcus_cellulosilyticus_NBRC_106333_ASM799077v1.HAMAP.hmm.tmp.46442.faa
[10:40:45] Deleting unwanted file: /Users/liujiayu/Library/Mobile Documents/com~apple~CloudDocs/Joy/Á°ïÂ£´/ËÄêËæêÂ∞ÑËÆ∫Êñá/radiation-article/‰∏ÄÊîπ/Application/Example/feature_ogs/prokka_results/prokka_Deinococcus_cellulosilyticus_NBRC_106333_ASM799077v1/Deinococcus_cellulosilyticus_NBRC_106333_ASM799077v1.HAMAP.hmm.tmp.46442.hmmer3
[10:40:45] Labelling remaining 3416 proteins as 'hypothetical protein'
[10:40:45] Possible /pseudo 'General stress protein 16U' at NZ_BJXB01000001.1 position 39444
[10:40:45] Possible /pseudo 'Adaptive-response sensory-kinase SasA' at NZ_BJXB01000001.1 position 154115
[10:40:45] Possible /pseudo 'Adaptive-response sensory-kinase SasA' at NZ_BJXB01000002.1 position 19546
[10:40:45] Possible /pseudo 'putative protein' at NZ_BJXB01000002.1 position 300493
[10:40:45] Possible /pseudo 'Glutamate dehydrogenase' at NZ_BJXB01000003.1 position 29831
[10:40:45] Possible /pseudo 'D-inositol-3-phosphate glycosyltransferase' at NZ_BJXB01000003.1 position 145201
[10:40:45] Possible /pseudo 'Proline--tRNA ligase' at NZ_BJXB01000003.1 position 197954
[10:40:45] Possible /pseudo 'Putative penicillin-binding protein PbpX' at NZ_BJXB01000004.1 position 151041
[10:40:45] Possible /pseudo 'putative zinc protease' at NZ_BJXB01000005.1 position 10168
[10:40:45] Possible /pseudo 'NADH pyrophosphatase' at NZ_BJXB01000008.1 position 69256
[10:40:45] Possible /pseudo 'putative N-octanoylanthranilate hydrolase AqdA1' at NZ_BJXB01000008.1 position 73357
[10:40:45] Possible /pseudo 'Apolipoprotein N-acyltransferase' at NZ_BJXB01000009.1 position 21074
[10:40:45] Possible /pseudo 'Leucine-, isoleucine-, valine-, threonine-, and alanine-binding protein' at NZ_BJXB01000010.1 position 25682
[10:40:45] Possible /pseudo 'Lipoprotein signal peptidase' at NZ_BJXB01000015.1 position 151243
[10:40:45] Possible /pseudo 'Copper homeostasis protein CutC' at NZ_BJXB01000017.1 position 27872
[10:40:45] Possible /pseudo 'Guanidinium exporter' at NZ_BJXB01000020.1 position 42772
[10:40:45] Possible /pseudo '4,5:9,10-diseco-3-hydroxy-5,9,17-trioxoandrosta-1(10),2-diene-4-oate hydrolase' at NZ_BJXB01000022.1 position 4351
[10:40:45] Possible /pseudo 'Catechol-2,3-dioxygenase' at NZ_BJXB01000023.1 position 35064
[10:40:45] Possible /pseudo 'Bis(5'-nucleosyl)-tetraphosphatase, symmetrical' at NZ_BJXB01000024.1 position 30479
[10:40:45] Possible /pseudo 'Ktr system potassium uptake protein B' at NZ_BJXB01000028.1 position 45425
[10:40:45] Possible /pseudo 'Guanidinium exporter' at NZ_BJXB01000029.1 position 2466
[10:40:45] Possible /pseudo 'tRNA 5-methylaminomethyl-2-thiouridine biosynthesis bifunctional protein MnmC' at NZ_BJXB01000044.1 position 15490
[10:40:45] Possible /pseudo 'IS630 family transposase ISTth6' at NZ_BJXB01000058.1 position 7266
[10:40:45] Found 1524 unique /gene codes.
[10:40:45] Fixed 3 duplicate /gene - tagU_1 tagU_2 tagU_3
[10:40:45] Fixed 2 duplicate /gene - leuE_1 leuE_2
[10:40:45] Fixed 2 duplicate /gene - iolE_1 iolE_2
[10:40:45] Fixed 3 duplicate /gene - catE_1 catE_2 catE_3
[10:40:45] Fixed 3 duplicate /gene - xylG_1 xylG_2 xylG_3
[10:40:45] Fixed 3 duplicate /gene - pilT_1 pilT_2 pilT_3
[10:40:45] Fixed 2 duplicate /gene - ymdB_1 ymdB_2
[10:40:45] Fixed 3 duplicate /gene - hsaD_1 hsaD_2 hsaD_3
[10:40:45] Fixed 2 duplicate /gene - uup_1 uup_2
[10:40:45] Fixed 2 duplicate /gene - phoR_1 phoR_2
[10:40:45] Fixed 2 duplicate /gene - spo0C_1 spo0C_2
[10:40:45] Fixed 2 duplicate /gene - rlmI_1 rlmI_2
[10:40:45] Fixed 6 duplicate /gene - ugpB_1 ugpB_2 ugpB_3 ugpB_4 ugpB_5 ugpB_6
[10:40:45] Fixed 2 duplicate /gene - pdxI_1 pdxI_2
[10:40:45] Fixed 2 duplicate /gene - def_1 def_2
[10:40:45] Fixed 2 duplicate /gene - recD_1 recD_2
[10:40:45] Fixed 2 duplicate /gene - gdhA_1 gdhA_2
[10:40:45] Fixed 2 duplicate /gene - nudC_1 nudC_2
[10:40:45] Fixed 3 duplicate /gene - cdhR_1 cdhR_2 cdhR_3
[10:40:45] Fixed 5 duplicate /gene - rbsR_1 rbsR_2 rbsR_3 rbsR_4 rbsR_5
[10:40:45] Fixed 2 duplicate /gene - rnd_1 rnd_2
[10:40:45] Fixed 2 duplicate /gene - srrA_1 srrA_2
[10:40:45] Fixed 2 duplicate /gene - argE_1 argE_2
[10:40:45] Fixed 2 duplicate /gene - suhB_1 suhB_2
[10:40:45] Fixed 4 duplicate /gene - rppH_1 rppH_2 rppH_3 rppH_4
[10:40:45] Fixed 3 duplicate /gene - lpd_1 lpd_2 lpd_3
[10:40:45] Fixed 3 duplicate /gene - hcaB_1 hcaB_2 hcaB_3
[10:40:45] Fixed 2 duplicate /gene - iolB_1 iolB_2
[10:40:45] Fixed 3 duplicate /gene - plsY_1 plsY_2 plsY_3
[10:40:45] Fixed 2 duplicate /gene - estD_1 estD_2
[10:40:45] Fixed 2 duplicate /gene - macA_1 macA_2
[10:40:45] Fixed 3 duplicate /gene - ftsI_1 ftsI_2 ftsI_3
[10:40:45] Fixed 2 duplicate /gene - pcrA_1 pcrA_2
[10:40:45] Fixed 2 duplicate /gene - dpiA_1 dpiA_2
[10:40:45] Fixed 7 duplicate /gene - nagC_1 nagC_2 nagC_3 nagC_4 nagC_5 nagC_6 nagC_7
[10:40:45] Fixed 2 duplicate /gene - dagK_1 dagK_2
[10:40:45] Fixed 2 duplicate /gene - miaB_1 miaB_2
[10:40:45] Fixed 5 duplicate /gene - dppB_1 dppB_2 dppB_3 dppB_4 dppB_5
[10:40:45] Fixed 2 duplicate /gene - cheB_1 cheB_2
[10:40:45] Fixed 3 duplicate /gene - yajO_1 yajO_2 yajO_3
[10:40:45] Fixed 4 duplicate /gene - melA_1 melA_2 melA_3 melA_4
[10:40:45] Fixed 2 duplicate /gene - arsC_1 arsC_2
[10:40:45] Fixed 2 duplicate /gene - degU_1 degU_2
[10:40:45] Fixed 4 duplicate /gene - rhaR_1 rhaR_2 rhaR_3 rhaR_4
[10:40:45] Fixed 3 duplicate /gene - fabH_1 fabH_2 fabH_3
[10:40:45] Fixed 2 duplicate /gene - recF_1 recF_2
[10:40:45] Fixed 2 duplicate /gene - lon1_1 lon1_2
[10:40:45] Fixed 2 duplicate /gene - argP_1 argP_2
[10:40:45] Fixed 3 duplicate /gene - pbpE_1 pbpE_2 pbpE_3
[10:40:45] Fixed 3 duplicate /gene - yflN_1 yflN_2 yflN_3
[10:40:45] Fixed 3 duplicate /gene - hin_1 hin_2 hin_3
[10:40:45] Fixed 2 duplicate /gene - bprV_1 bprV_2
[10:40:45] Fixed 4 duplicate /gene - rep_1 rep_2 rep_3 rep_4
[10:40:45] Fixed 2 duplicate /gene - mdtD_1 mdtD_2
[10:40:45] Fixed 2 duplicate /gene - rbsA_1 rbsA_2
[10:40:45] Fixed 2 duplicate /gene - nanK_1 nanK_2
[10:40:45] Fixed 2 duplicate /gene - pspA_1 pspA_2
[10:40:45] Fixed 2 duplicate /gene - ysdC_1 ysdC_2
[10:40:45] Fixed 2 duplicate /gene - IMPDH_1 IMPDH_2
[10:40:45] Fixed 2 duplicate /gene - kdgK_1 kdgK_2
[10:40:45] Fixed 2 duplicate /gene - lapB_1 lapB_2
[10:40:45] Fixed 11 duplicate /gene - lacF_1 lacF_2 lacF_3 lacF_4 lacF_5 lacF_6 lacF_7 lacF_8 lacF_9 lacF_10 lacF_11
[10:40:45] Fixed 8 duplicate /gene - cytR_1 cytR_2 cytR_3 cytR_4 cytR_5 cytR_6 cytR_7 cytR_8
[10:40:45] Fixed 2 duplicate /gene - rapA_1 rapA_2
[10:40:45] Fixed 3 duplicate /gene - melD_1 melD_2 melD_3
[10:40:45] Fixed 2 duplicate /gene - sugA_1 sugA_2
[10:40:45] Fixed 2 duplicate /gene - yfkN_1 yfkN_2
[10:40:45] Fixed 3 duplicate /gene - azoB_1 azoB_2 azoB_3
[10:40:45] Fixed 2 duplicate /gene - mnmG_1 mnmG_2
[10:40:45] Fixed 3 duplicate /gene - bamB_1 bamB_2 bamB_3
[10:40:45] Fixed 2 duplicate /gene - glnB_1 glnB_2
[10:40:45] Fixed 2 duplicate /gene - degA_1 degA_2
[10:40:45] Fixed 2 duplicate /gene - pstS_1 pstS_2
[10:40:45] Fixed 2 duplicate /gene - yedA_1 yedA_2
[10:40:45] Fixed 2 duplicate /gene - gutB_1 gutB_2
[10:40:45] Fixed 4 duplicate /gene - malZ_1 malZ_2 malZ_3 malZ_4
[10:40:45] Fixed 2 duplicate /gene - ywnH_1 ywnH_2
[10:40:45] Fixed 2 duplicate /gene - msbA_1 msbA_2
[10:40:45] Fixed 2 duplicate /gene - rpoE_1 rpoE_2
[10:40:45] Fixed 2 duplicate /gene - yxlF_1 yxlF_2
[10:40:45] Fixed 2 duplicate /gene - phoU_1 phoU_2
[10:40:45] Fixed 2 duplicate /gene - aroA_1 aroA_2
[10:40:45] Fixed 2 duplicate /gene - rssB_1 rssB_2
[10:40:45] Fixed 2 duplicate /gene - mnmC_1 mnmC_2
[10:40:45] Fixed 2 duplicate /gene - glmU_1 glmU_2
[10:40:45] Fixed 2 duplicate /gene - yteP_1 yteP_2
[10:40:45] Fixed 2 duplicate /gene - yhdN_1 yhdN_2
[10:40:45] Fixed 2 duplicate /gene - ebrA_1 ebrA_2
[10:40:45] Fixed 2 duplicate /gene - aceB_1 aceB_2
[10:40:45] Fixed 2 duplicate /gene - addA_1 addA_2
[10:40:45] Fixed 2 duplicate /gene - mco_1 mco_2
[10:40:45] Fixed 3 duplicate /gene - yecS_1 yecS_2 yecS_3
[10:40:45] Fixed 2 duplicate /gene - araH_1 araH_2
[10:40:45] Fixed 4 duplicate /gene - livF_1 livF_2 livF_3 livF_4
[10:40:45] Fixed 7 duplicate /gene - rcsC_1 rcsC_2 rcsC_3 rcsC_4 rcsC_5 rcsC_6 rcsC_7
[10:40:45] Fixed 2 duplicate /gene - nagA_1 nagA_2
[10:40:45] Fixed 2 duplicate /gene - esiB_1 esiB_2
[10:40:45] Fixed 2 duplicate /gene - uvrB_1 uvrB_2
[10:40:45] Fixed 3 duplicate /gene - glcR_1 glcR_2 glcR_3
[10:40:45] Fixed 3 duplicate /gene - cof_1 cof_2 cof_3
[10:40:45] Fixed 3 duplicate /gene - pbpX_1 pbpX_2 pbpX_3
[10:40:45] Fixed 3 duplicate /gene - bioI_1 bioI_2 bioI_3
[10:40:45] Fixed 2 duplicate /gene - mntH_1 mntH_2
[10:40:45] Fixed 7 duplicate /gene - betI_1 betI_2 betI_3 betI_4 betI_5 betI_6 betI_7
[10:40:45] Fixed 6 duplicate /gene - mshD_1 mshD_2 mshD_3 mshD_4 mshD_5 mshD_6
[10:40:45] Fixed 3 duplicate /gene - mntB_1 mntB_2 mntB_3
[10:40:45] Fixed 2 duplicate /gene - ssuB_1 ssuB_2
[10:40:45] Fixed 3 duplicate /gene - pnp_1 pnp_2 pnp_3
[10:40:45] Fixed 2 duplicate /gene - galE_1 galE_2
[10:40:45] Fixed 5 duplicate /gene - ftsH_1 ftsH_2 ftsH_3 ftsH_4 ftsH_5
[10:40:45] Fixed 2 duplicate /gene - pucR_1 pucR_2
[10:40:45] Fixed 2 duplicate /gene - adk_1 adk_2
[10:40:45] Fixed 7 duplicate /gene - purR_1 purR_2 purR_3 purR_4 purR_5 purR_6 purR_7
[10:40:45] Fixed 3 duplicate /gene - glmS_1 glmS_2 glmS_3
[10:40:45] Fixed 2 duplicate /gene - mtgA_1 mtgA_2
[10:40:45] Fixed 2 duplicate /gene - cueR_1 cueR_2
[10:40:45] Fixed 4 duplicate /gene - gloB_1 gloB_2 gloB_3 gloB_4
[10:40:45] Fixed 2 duplicate /gene - nfdA_1 nfdA_2
[10:40:45] Fixed 3 duplicate /gene - petC_1 petC_2 petC_3
[10:40:45] Fixed 2 duplicate /gene - carD_1 carD_2
[10:40:45] Fixed 5 duplicate /gene - mshA_1 mshA_2 mshA_3 mshA_4 mshA_5
[10:40:45] Fixed 2 duplicate /gene - thrB_1 thrB_2
[10:40:45] Fixed 2 duplicate /gene - frcA_1 frcA_2
[10:40:45] Fixed 3 duplicate /gene - tcrA_1 tcrA_2 tcrA_3
[10:40:45] Fixed 2 duplicate /gene - corA_1 corA_2
[10:40:45] Fixed 2 duplicate /gene - nagR_1 nagR_2
[10:40:45] Fixed 3 duplicate /gene - araP_1 araP_2 araP_3
[10:40:45] Fixed 2 duplicate /gene - lacC_1 lacC_2
[10:40:45] Fixed 2 duplicate /gene - gpr_1 gpr_2
[10:40:45] Fixed 2 duplicate /gene - thlA_1 thlA_2
[10:40:45] Fixed 3 duplicate /gene - hbpA_1 hbpA_2 hbpA_3
[10:40:45] Fixed 2 duplicate /gene - msrP_1 msrP_2
[10:40:45] Fixed 3 duplicate /gene - lacG_1 lacG_2 lacG_3
[10:40:45] Fixed 2 duplicate /gene - trxA_1 trxA_2
[10:40:45] Fixed 4 duplicate /gene - gdx_1 gdx_2 gdx_3 gdx_4
[10:40:45] Fixed 4 duplicate /gene - lspA_1 lspA_2 lspA_3 lspA_4
[10:40:45] Fixed 4 duplicate /gene - COQ5_1 COQ5_2 COQ5_3 COQ5_4
[10:40:45] Fixed 2 duplicate /gene - algX_1 algX_2
[10:40:45] Fixed 2 duplicate /gene - lysN_1 lysN_2
[10:40:45] Fixed 3 duplicate /gene - cycB_1 cycB_2 cycB_3
[10:40:45] Fixed 5 duplicate /gene - tetA_1 tetA_2 tetA_3 tetA_4 tetA_5
[10:40:45] Fixed 3 duplicate /gene - rbsC_1 rbsC_2 rbsC_3
[10:40:45] Fixed 5 duplicate /gene - bglA_1 bglA_2 bglA_3 bglA_4 bglA_5
[10:40:45] Fixed 2 duplicate /gene - sdhA_1 sdhA_2
[10:40:45] Fixed 3 duplicate /gene - cphA_1 cphA_2 cphA_3
[10:40:45] Fixed 2 duplicate /gene - adh_1 adh_2
[10:40:45] Fixed 4 duplicate /gene - lnt_1 lnt_2 lnt_3 lnt_4
[10:40:45] Fixed 3 duplicate /gene - pyrE_1 pyrE_2 pyrE_3
[10:40:45] Fixed 3 duplicate /gene - rhaS_1 rhaS_2 rhaS_3
[10:40:45] Fixed 2 duplicate /gene - narT_1 narT_2
[10:40:45] Fixed 6 duplicate /gene - rutD_1 rutD_2 rutD_3 rutD_4 rutD_5 rutD_6
[10:40:45] Fixed 2 duplicate /gene - ytfQ_1 ytfQ_2
[10:40:45] Fixed 2 duplicate /gene - gerN_1 gerN_2
[10:40:45] Fixed 7 duplicate /gene - gph_1 gph_2 gph_3 gph_4 gph_5 gph_6 gph_7
[10:40:45] Fixed 3 duplicate /gene - ssuA_1 ssuA_2 ssuA_3
[10:40:45] Fixed 2 duplicate /gene - glpR_1 glpR_2
[10:40:45] Fixed 2 duplicate /gene - yvdP_1 yvdP_2
[10:40:45] Fixed 2 duplicate /gene - noc_1 noc_2
[10:40:45] Fixed 2 duplicate /gene - dnaE2_1 dnaE2_2
[10:40:45] Fixed 4 duplicate /gene - xylB_1 xylB_2 xylB_3 xylB_4
[10:40:45] Fixed 3 duplicate /gene - apaH_1 apaH_2 apaH_3
[10:40:45] Fixed 2 duplicate /gene - yciF_1 yciF_2
[10:40:45] Fixed 3 duplicate /gene - speG_1 speG_2 speG_3
[10:40:45] Fixed 5 duplicate /gene - menH_1 menH_2 menH_3 menH_4 menH_5
[10:40:45] Fixed 2 duplicate /gene - rpmB_1 rpmB_2
[10:40:45] Fixed 2 duplicate /gene - ideR_1 ideR_2
[10:40:45] Fixed 3 duplicate /gene - fba_1 fba_2 fba_3
[10:40:45] Fixed 2 duplicate /gene - dnaN_1 dnaN_2
[10:40:45] Fixed 2 duplicate /gene - mraZ_1 mraZ_2
[10:40:45] Fixed 2 duplicate /gene - bmrU_1 bmrU_2
[10:40:45] Fixed 2 duplicate /gene - hdfR_1 hdfR_2
[10:40:45] Fixed 2 duplicate /gene - perR_1 perR_2
[10:40:45] Fixed 2 duplicate /gene - gdhIV_1 gdhIV_2
[10:40:45] Fixed 2 duplicate /gene - acdA_1 acdA_2
[10:40:45] Fixed 5 duplicate /gene - gltC_1 gltC_2 gltC_3 gltC_4 gltC_5
[10:40:45] Fixed 2 duplicate /gene - metK_1 metK_2
[10:40:45] Fixed 2 duplicate /gene - ddpA_1 ddpA_2
[10:40:45] Fixed 3 duplicate /gene - cpdA_1 cpdA_2 cpdA_3
[10:40:45] Fixed 5 duplicate /gene - lrpC_1 lrpC_2 lrpC_3 lrpC_4 lrpC_5
[10:40:45] Fixed 2 duplicate /gene - nadE_1 nadE_2
[10:40:45] Fixed 2 duplicate /gene - rspR_1 rspR_2
[10:40:45] Fixed 3 duplicate /gene - tam_1 tam_2 tam_3
[10:40:45] Fixed 2 duplicate /gene - cysW_1 cysW_2
[10:40:45] Fixed 2 duplicate /gene - thiO_1 thiO_2
[10:40:45] Fixed 5 duplicate /gene - cutC_1 cutC_2 cutC_3 cutC_4 cutC_5
[10:40:45] Fixed 2 duplicate /gene - baeR_1 baeR_2
[10:40:45] Fixed 2 duplicate /gene - amiC_1 amiC_2
[10:40:45] Fixed 2 duplicate /gene - benM_1 benM_2
[10:40:45] Fixed 2 duplicate /gene - manA_1 manA_2
[10:40:45] Fixed 4 duplicate /gene - tdh_1 tdh_2 tdh_3 tdh_4
[10:40:45] Fixed 2 duplicate /gene - ftsA_1 ftsA_2
[10:40:45] Fixed 2 duplicate /gene - rlmL_1 rlmL_2
[10:40:45] Fixed 2 duplicate /gene - nasC_1 nasC_2
[10:40:45] Fixed 4 duplicate /gene - braC_1 braC_2 braC_3 braC_4
[10:40:45] Fixed 6 duplicate /gene - iolG_1 iolG_2 iolG_3 iolG_4 iolG_5 iolG_6
[10:40:45] Fixed 2 duplicate /gene - uvrA_1 uvrA_2
[10:40:45] Fixed 4 duplicate /gene - livH_1 livH_2 livH_3 livH_4
[10:40:45] Fixed 3 duplicate /gene - ziaR_1 ziaR_2 ziaR_3
[10:40:45] Fixed 4 duplicate /gene - resA_1 resA_2 resA_3 resA_4
[10:40:45] Fixed 2 duplicate /gene - amt_1 amt_2
[10:40:45] Fixed 38 duplicate /gene - sasA_1 sasA_2 sasA_3 sasA_4 sasA_5 sasA_6 sasA_7 sasA_8 sasA_9 sasA_10 sasA_11 sasA_12 sasA_13 sasA_14 sasA_15 sasA_16 sasA_17 sasA_18 sasA_19 sasA_20 sasA_21 sasA_22 sasA_23 sasA_24 sasA_25 sasA_26 sasA_27 sasA_28 sasA_29 sasA_30 sasA_31 sasA_32 sasA_33 sasA_34 sasA_35 sasA_36 sasA_37 sasA_38
[10:40:45] Fixed 4 duplicate /gene - copA_1 copA_2 copA_3 copA_4
[10:40:45] Fixed 4 duplicate /gene - yceD_1 yceD_2 yceD_3 yceD_4
[10:40:45] Fixed 3 duplicate /gene - glgB_1 glgB_2 glgB_3
[10:40:45] Fixed 2 duplicate /gene - narK_1 narK_2
[10:40:45] Fixed 2 duplicate /gene - vapC_1 vapC_2
[10:40:45] Fixed 3 duplicate /gene - sctC_1 sctC_2 sctC_3
[10:40:45] Fixed 2 duplicate /gene - sdhB_1 sdhB_2
[10:40:45] Fixed 2 duplicate /gene - tatA_1 tatA_2
[10:40:45] Fixed 2 duplicate /gene - cphB_1 cphB_2
[10:40:45] Fixed 6 duplicate /gene - fabG_1 fabG_2 fabG_3 fabG_4 fabG_5 fabG_6
[10:40:45] Fixed 4 duplicate /gene - mshB_1 mshB_2 mshB_3 mshB_4
[10:40:45] Fixed 2 duplicate /gene - aqdA1_1 aqdA1_2
[10:40:45] Fixed 3 duplicate /gene - czcO_1 czcO_2 czcO_3
[10:40:45] Fixed 5 duplicate /gene - lexA_1 lexA_2 lexA_3 lexA_4 lexA_5
[10:40:45] Fixed 4 duplicate /gene - iolS_1 iolS_2 iolS_3 iolS_4
[10:40:45] Fixed 4 duplicate /gene - lptB_1 lptB_2 lptB_3 lptB_4
[10:40:45] Fixed 2 duplicate /gene - ssuD_1 ssuD_2
[10:40:45] Fixed 13 duplicate /gene - araQ_1 araQ_2 araQ_3 araQ_4 araQ_5 araQ_6 araQ_7 araQ_8 araQ_9 araQ_10 araQ_11 araQ_12 araQ_13
[10:40:45] Fixed 2 duplicate /gene - pfkA_1 pfkA_2
[10:40:45] Fixed 2 duplicate /gene - bmr3_1 bmr3_2
[10:40:45] Fixed 11 duplicate /gene - pknD_1 pknD_2 pknD_3 pknD_4 pknD_5 pknD_6 pknD_7 pknD_8 pknD_9 pknD_10 pknD_11
[10:40:45] Fixed 8 duplicate /gene - galR_1 galR_2 galR_3 galR_4 galR_5 galR_6 galR_7 galR_8
[10:40:45] Fixed 2 duplicate /gene - folD_1 folD_2
[10:40:45] Fixed 2 duplicate /gene - agaA_1 agaA_2
[10:40:45] Fixed 2 duplicate /gene - bepA_1 bepA_2
[10:40:45] Fixed 4 duplicate /gene - nagZ_1 nagZ_2 nagZ_3 nagZ_4
[10:40:45] Fixed 2 duplicate /gene - fruK_1 fruK_2
[10:40:45] Fixed 5 duplicate /gene - hisC_1 hisC_2 hisC_3 hisC_4 hisC_5
[10:40:45] Fixed 2 duplicate /gene - yknX_1 yknX_2
[10:40:45] Fixed 2 duplicate /gene - carB_1 carB_2
[10:40:45] Fixed 2 duplicate /gene - nagK_1 nagK_2
[10:40:45] Fixed 2 duplicate /gene - fliY_1 fliY_2
[10:40:45] Fixed 5 duplicate /gene - trxB_1 trxB_2 trxB_3 trxB_4 trxB_5
[10:40:45] Fixed 2 duplicate /gene - actP_1 actP_2
[10:40:45] Fixed 3 duplicate /gene - htpX_1 htpX_2 htpX_3
[10:40:45] Fixed 7 duplicate /gene - yknY_1 yknY_2 yknY_3 yknY_4 yknY_5 yknY_6 yknY_7
[10:40:45] Fixed 2 duplicate /gene - mutS_1 mutS_2
[10:40:45] Fixed 2 duplicate /gene - thrS_1 thrS_2
[10:40:45] Fixed 2 duplicate /gene - pstI_1 pstI_2
[10:40:45] Fixed 2 duplicate /gene - cymR_1 cymR_2
[10:40:45] Fixed 5 duplicate /gene - xerC_1 xerC_2 xerC_3 xerC_4 xerC_5
[10:40:45] Fixed 4 duplicate /gene - lacZ_1 lacZ_2 lacZ_3 lacZ_4
[10:40:45] Fixed 2 duplicate /gene - hemW_1 hemW_2
[10:40:45] Fixed 3 duplicate /gene - uppP_1 uppP_2 uppP_3
[10:40:45] Fixed 7 duplicate /gene - phoP_1 phoP_2 phoP_3 phoP_4 phoP_5 phoP_6 phoP_7
[10:40:45] Fixed 2 duplicate /gene - drrA_1 drrA_2
[10:40:45] Fixed 2 duplicate /gene - dpiB_1 dpiB_2
[10:40:45] Fixed 2 duplicate /gene - srkA_1 srkA_2
[10:40:45] Fixed 5 duplicate /gene - macB_1 macB_2 macB_3 macB_4 macB_5
[10:40:45] Fixed 2 duplicate /gene - katA_1 katA_2
[10:40:45] Fixed 3 duplicate /gene - ssb_1 ssb_2 ssb_3
[10:40:45] Fixed 2 duplicate /gene - azoR_1 azoR_2
[10:40:45] Fixed 2 duplicate /gene - cysK_1 cysK_2
[10:40:45] Fixed 3 duplicate /gene - slyA_1 slyA_2 slyA_3
[10:40:45] Fixed 3 duplicate /gene - fusA_1 fusA_2 fusA_3
[10:40:45] Fixed 2 duplicate /gene - ada_1 ada_2
[10:40:45] Fixed 20 duplicate /gene - ccpA_1 ccpA_2 ccpA_3 ccpA_4 ccpA_5 ccpA_6 ccpA_7 ccpA_8 ccpA_9 ccpA_10 ccpA_11 ccpA_12 ccpA_13 ccpA_14 ccpA_15 ccpA_16 ccpA_17 ccpA_18 ccpA_19 ccpA_20
[10:40:45] Fixed 2 duplicate /gene - crtD_1 crtD_2
[10:40:45] Fixed 2 duplicate /gene - argA_1 argA_2
[10:40:45] Fixed 2 duplicate /gene - topA_1 topA_2
[10:40:45] Fixed 2 duplicate /gene - proS_1 proS_2
[10:40:45] Fixed 2 duplicate /gene - ilvA_1 ilvA_2
[10:40:45] Fixed 2 duplicate /gene - nox_1 nox_2
[10:40:45] Fixed 2 duplicate /gene - xynB_1 xynB_2
[10:40:45] Fixed 2 duplicate /gene - rbsK_1 rbsK_2
[10:40:45] Fixed 4 duplicate /gene - gabR_1 gabR_2 gabR_3 gabR_4
[10:40:45] Fixed 2 duplicate /gene - recD2_1 recD2_2
[10:40:45] Fixed 2 duplicate /gene - rcp1_1 rcp1_2
[10:40:45] Fixed 2 duplicate /gene - chiA1_1 chiA1_2
[10:40:45] Fixed 2 duplicate /gene - rluD_1 rluD_2
[10:40:45] Fixed 2 duplicate /gene - ybjJ_1 ybjJ_2
[10:40:45] Fixed 3 duplicate /gene - bshA_1 bshA_2 bshA_3
[10:40:45] Fixed 2 duplicate /gene - ugpA_1 ugpA_2
[10:40:45] Fixed 2 duplicate /gene - ssuC_1 ssuC_2
[10:40:45] Fixed 2 duplicate /gene - prsA_1 prsA_2
[10:40:45] Fixed 5 duplicate /gene - smc_1 smc_2 smc_3 smc_4 smc_5
[10:40:45] Fixed 2 duplicate /gene - bcp_1 bcp_2
[10:40:45] Fixed 2 duplicate /gene - chrA_1 chrA_2
[10:40:45] Fixed 2 duplicate /gene - yfiT_1 yfiT_2
[10:40:45] Fixed 2 duplicate /gene - hmp_1 hmp_2
[10:40:45] Fixed 2 duplicate /gene - glnQ_1 glnQ_2
[10:40:45] Fixed 2 duplicate /gene - thadh_1 thadh_2
[10:40:45] Fixed 2 duplicate /gene - metXA_1 metXA_2
[10:40:45] Fixed 7 duplicate /gene - malT_1 malT_2 malT_3 malT_4 malT_5 malT_6 malT_7
[10:40:45] Fixed 2 duplicate /gene - mdtK_1 mdtK_2
[10:40:45] Fixed 3 duplicate /gene - pip_1 pip_2 pip_3
[10:40:45] Fixed 2 duplicate /gene - axeA_1 axeA_2
[10:40:45] Fixed 2 duplicate /gene - bamA_1 bamA_2
[10:40:45] Fixed 2 duplicate /gene - mcbR_1 mcbR_2
[10:40:45] Fixed 2 duplicate /gene - nsrR_1 nsrR_2
[10:40:45] Fixed 2 duplicate /gene - pksS_1 pksS_2
[10:40:45] Fixed 10 duplicate /gene - mprA_1 mprA_2 mprA_3 mprA_4 mprA_5 mprA_6 mprA_7 mprA_8 mprA_9 mprA_10
[10:40:45] Fixed 2 duplicate /gene - yfcA_1 yfcA_2
[10:40:45] Fixed 3 duplicate /gene - mngB_1 mngB_2 mngB_3
[10:40:45] Fixed 3 duplicate /gene - ktrB_1 ktrB_2 ktrB_3
[10:40:45] Fixed 2 duplicate /gene - alaS_1 alaS_2
[10:40:45] Fixed 12 duplicate /gene - btuD_1 btuD_2 btuD_3 btuD_4 btuD_5 btuD_6 btuD_7 btuD_8 btuD_9 btuD_10 btuD_11 btuD_12
[10:40:45] Fixed 2 duplicate /gene - ecsA_1 ecsA_2
[10:40:45] Fixed 2 duplicate /gene - rbn_1 rbn_2
[10:40:45] Fixed 2 duplicate /gene - hcaR_1 hcaR_2
[10:40:45] Fixed 3 duplicate /gene - natA_1 natA_2 natA_3
[10:40:45] Fixed 2 duplicate /gene - der_1 der_2
[10:40:45] Fixed 2 duplicate /gene - catD_1 catD_2
[10:40:45] Fixed 2 duplicate /gene - comB_1 comB_2
[10:40:45] Fixed 3 duplicate /gene - lacE_1 lacE_2 lacE_3
[10:40:45] Fixed 2 duplicate /gene - deoD_1 deoD_2
[10:40:45] Fixed 3 duplicate /gene - lnrK_1 lnrK_2 lnrK_3
[10:40:45] Fixed 2 duplicate /gene - rsmH_1 rsmH_2
[10:40:45] Fixed 2 duplicate /gene - xynZ_1 xynZ_2
[10:40:45] Fixed 2 duplicate /gene - fabF_1 fabF_2
[10:40:45] Fixed 2 duplicate /gene - iscS_1 iscS_2
[10:40:45] Fixed 3 duplicate /gene - srlR_1 srlR_2 srlR_3
[10:40:45] Fixed 2 duplicate /gene - mrdB_1 mrdB_2
[10:40:45] Fixed 3 duplicate /gene - zntA_1 zntA_2 zntA_3
[10:40:45] Fixed 4 duplicate /gene - yfmC_1 yfmC_2 yfmC_3 yfmC_4
[10:40:45] Fixed 2 duplicate /gene - COQ3_1 COQ3_2
[10:40:45] Fixed 3 duplicate /gene - kynB_1 kynB_2 kynB_3
[10:40:45] Fixed 2 duplicate /gene - phoB_1 phoB_2
[10:40:45] Fixed 2 duplicate /gene - tatC_1 tatC_2
[10:40:45] Fixed 3 duplicate /gene - entS_1 entS_2 entS_3
[10:40:45] Fixed 3 duplicate /gene - dapE_1 dapE_2 dapE_3
[10:40:45] Fixed 2 duplicate /gene - hmuU_1 hmuU_2
[10:40:45] Fixed 3 duplicate /gene - walR_1 walR_2 walR_3
[10:40:45] Fixed 3 duplicate /gene - oppF_1 oppF_2 oppF_3
[10:40:45] Fixed 2 duplicate /gene - yabJ_1 yabJ_2
[10:40:45] Fixed 326 colliding /gene names.
[10:40:45] Adding /locus_tag identifiers
[10:40:45] Assigned 5921 locus_tags to CDS and RNA features.
[10:40:45] Writing outputs to /Users/liujiayu/Library/Mobile Documents/com~apple~CloudDocs/Joy/Á°ïÂ£´/ËÄêËæêÂ∞ÑËÆ∫Êñá/radiation-article/‰∏ÄÊîπ/Application/Example/feature_ogs/prokka_results/prokka_Deinococcus_cellulosilyticus_NBRC_106333_ASM799077v1/
[10:40:46] Generating annotation statistics file
[10:40:46] Generating Genbank and Sequin files
[10:40:46] Running: tbl2asn -V b -a r10k -l paired-ends -M n -N 1 -y 'Annotated using prokka 1.14.6 from https://github.com/tseemann/prokka' -Z \/Users\/liujiayu\/Library\/Mobile\ Documents\/com\~apple\~CloudDocs\/Joy\/\Á\°\ï\Â\£\´\/\Ë\Ä\ê\Ë\æ\ê\Â\∞\Ñ\Ë\Æ\∫\Ê\ñ\á\/radiation\-article\/\‰\∏\Ä\Ê\î\π\/Application\/Example\/feature_ogs\/prokka_results\/prokka_Deinococcus_cellulosilyticus_NBRC_106333_ASM799077v1\/Deinococcus_cellulosilyticus_NBRC_106333_ASM799077v1\.err -i \/Users\/liujiayu\/Library\/Mobile\ Documents\/com\~apple\~CloudDocs\/Joy\/\Á\°\ï\Â\£\´\/\Ë\Ä\ê\Ë\æ\ê\Â\∞\Ñ\Ë\Æ\∫\Ê\ñ\á\/radiation\-article\/\‰\∏\Ä\Ê\î\π\/Application\/Example\/feature_ogs\/prokka_results\/prokka_Deinococcus_cellulosilyticus_NBRC_106333_ASM799077v1\/Deinococcus_cellulosilyticus_NBRC_106333_ASM799077v1\.fsa 2> /dev/null
[10:40:52] Deleting unwanted file: /Users/liujiayu/Library/Mobile Documents/com~apple~CloudDocs/Joy/Á°ïÂ£´/ËÄêËæêÂ∞ÑËÆ∫Êñá/radiation-article/‰∏ÄÊîπ/Application/Example/feature_ogs/prokka_results/prokka_Deinococcus_cellulosilyticus_NBRC_106333_ASM799077v1/errorsummary.val
[10:40:52] Deleting unwanted file: /Users/liujiayu/Library/Mobile Documents/com~apple~CloudDocs/Joy/Á°ïÂ£´/ËÄêËæêÂ∞ÑËÆ∫Êñá/radiation-article/‰∏ÄÊîπ/Application/Example/feature_ogs/prokka_results/prokka_Deinococcus_cellulosilyticus_NBRC_106333_ASM799077v1/Deinococcus_cellulosilyticus_NBRC_106333_ASM799077v1.dr
[10:40:52] Deleting unwanted file: /Users/liujiayu/Library/Mobile Documents/com~apple~CloudDocs/Joy/Á°ïÂ£´/ËÄêËæêÂ∞ÑËÆ∫Êñá/radiation-article/‰∏ÄÊîπ/Application/Example/feature_ogs/prokka_results/prokka_Deinococcus_cellulosilyticus_NBRC_106333_ASM799077v1/Deinococcus_cellulosilyticus_NBRC_106333_ASM799077v1.fixedproducts
[10:40:52] Deleting unwanted file: /Users/liujiayu/Library/Mobile Documents/com~apple~CloudDocs/Joy/Á°ïÂ£´/ËÄêËæêÂ∞ÑËÆ∫Êñá/radiation-article/‰∏ÄÊîπ/Application/Example/feature_ogs/prokka_results/prokka_Deinococcus_cellulosilyticus_NBRC_106333_ASM799077v1/Deinococcus_cellulosilyticus_NBRC_106333_ASM799077v1.ecn
[10:40:52] Deleting unwanted file: /Users/liujiayu/Library/Mobile Documents/com~apple~CloudDocs/Joy/Á°ïÂ£´/ËÄêËæêÂ∞ÑËÆ∫Êñá/radiation-article/‰∏ÄÊîπ/Application/Example/feature_ogs/prokka_results/prokka_Deinococcus_cellulosilyticus_NBRC_106333_ASM799077v1/Deinococcus_cellulosilyticus_NBRC_106333_ASM799077v1.val
[10:40:52] Repairing broken .GBK output that tbl2asn produces...
[10:40:52] Running: sed 's/COORDINATES: profile/COORDINATES:profile/' < \/Users\/liujiayu\/Library\/Mobile\ Documents\/com\~apple\~CloudDocs\/Joy\/\Á\°\ï\Â\£\´\/\Ë\Ä\ê\Ë\æ\ê\Â\∞\Ñ\Ë\Æ\∫\Ê\ñ\á\/radiation\-article\/\‰\∏\Ä\Ê\î\π\/Application\/Example\/feature_ogs\/prokka_results\/prokka_Deinococcus_cellulosilyticus_NBRC_106333_ASM799077v1\/Deinococcus_cellulosilyticus_NBRC_106333_ASM799077v1\.gbf > \/Users\/liujiayu\/Library\/Mobile\ Documents\/com\~apple\~CloudDocs\/Joy\/\Á\°\ï\Â\£\´\/\Ë\Ä\ê\Ë\æ\ê\Â\∞\Ñ\Ë\Æ\∫\Ê\ñ\á\/radiation\-article\/\‰\∏\Ä\Ê\î\π\/Application\/Example\/feature_ogs\/prokka_results\/prokka_Deinococcus_cellulosilyticus_NBRC_106333_ASM799077v1\/Deinococcus_cellulosilyticus_NBRC_106333_ASM799077v1\.gbk
[10:40:52] Deleting unwanted file: /Users/liujiayu/Library/Mobile Documents/com~apple~CloudDocs/Joy/Á°ïÂ£´/ËÄêËæêÂ∞ÑËÆ∫Êñá/radiation-article/‰∏ÄÊîπ/Application/Example/feature_ogs/prokka_results/prokka_Deinococcus_cellulosilyticus_NBRC_106333_ASM799077v1/Deinococcus_cellulosilyticus_NBRC_106333_ASM799077v1.gbf
[10:40:52] Output files:
[10:40:52] /Users/liujiayu/Library/Mobile Documents/com~apple~CloudDocs/Joy/Á°ïÂ£´/ËÄêËæêÂ∞ÑËÆ∫Êñá/radiation-article/‰∏ÄÊîπ/Application/Example/feature_ogs/prokka_results/prokka_Deinococcus_cellulosilyticus_NBRC_106333_ASM799077v1/Deinococcus_cellulosilyticus_NBRC_106333_ASM799077v1.fna
[10:40:52] /Users/liujiayu/Library/Mobile Documents/com~apple~CloudDocs/Joy/Á°ïÂ£´/ËÄêËæêÂ∞ÑËÆ∫Êñá/radiation-article/‰∏ÄÊîπ/Application/Example/feature_ogs/prokka_results/prokka_Deinococcus_cellulosilyticus_NBRC_106333_ASM799077v1/Deinococcus_cellulosilyticus_NBRC_106333_ASM799077v1.tsv
[10:40:52] /Users/liujiayu/Library/Mobile Documents/com~apple~CloudDocs/Joy/Á°ïÂ£´/ËÄêËæêÂ∞ÑËÆ∫Êñá/radiation-article/‰∏ÄÊîπ/Application/Example/feature_ogs/prokka_results/prokka_Deinococcus_cellulosilyticus_NBRC_106333_ASM799077v1/Deinococcus_cellulosilyticus_NBRC_106333_ASM799077v1.err
[10:40:52] /Users/liujiayu/Library/Mobile Documents/com~apple~CloudDocs/Joy/Á°ïÂ£´/ËÄêËæêÂ∞ÑËÆ∫Êñá/radiation-article/‰∏ÄÊîπ/Application/Example/feature_ogs/prokka_results/prokka_Deinococcus_cellulosilyticus_NBRC_106333_ASM799077v1/Deinococcus_cellulosilyticus_NBRC_106333_ASM799077v1.gff
[10:40:52] /Users/liujiayu/Library/Mobile Documents/com~apple~CloudDocs/Joy/Á°ïÂ£´/ËÄêËæêÂ∞ÑËÆ∫Êñá/radiation-article/‰∏ÄÊîπ/Application/Example/feature_ogs/prokka_results/prokka_Deinococcus_cellulosilyticus_NBRC_106333_ASM799077v1/Deinococcus_cellulosilyticus_NBRC_106333_ASM799077v1.tbl
[10:40:52] /Users/liujiayu/Library/Mobile Documents/com~apple~CloudDocs/Joy/Á°ïÂ£´/ËÄêËæêÂ∞ÑËÆ∫Êñá/radiation-article/‰∏ÄÊîπ/Application/Example/feature_ogs/prokka_results/prokka_Deinococcus_cellulosilyticus_NBRC_106333_ASM799077v1/Deinococcus_cellulosilyticus_NBRC_106333_ASM799077v1.sqn
[10:40:52] /Users/liujiayu/Library/Mobile Documents/com~apple~CloudDocs/Joy/Á°ïÂ£´/ËÄêËæêÂ∞ÑËÆ∫Êñá/radiation-article/‰∏ÄÊîπ/Application/Example/feature_ogs/prokka_results/prokka_Deinococcus_cellulosilyticus_NBRC_106333_ASM799077v1/Deinococcus_cellulosilyticus_NBRC_106333_ASM799077v1.txt
[10:40:52] /Users/liujiayu/Library/Mobile Documents/com~apple~CloudDocs/Joy/Á°ïÂ£´/ËÄêËæêÂ∞ÑËÆ∫Êñá/radiation-article/‰∏ÄÊîπ/Application/Example/feature_ogs/prokka_results/prokka_Deinococcus_cellulosilyticus_NBRC_106333_ASM799077v1/Deinococcus_cellulosilyticus_NBRC_106333_ASM799077v1.faa
[10:40:52] /Users/liujiayu/Library/Mobile Documents/com~apple~CloudDocs/Joy/Á°ïÂ£´/ËÄêËæêÂ∞ÑËÆ∫Êñá/radiation-article/‰∏ÄÊîπ/Application/Example/feature_ogs/prokka_results/prokka_Deinococcus_cellulosilyticus_NBRC_106333_ASM799077v1/Deinococcus_cellulosilyticus_NBRC_106333_ASM799077v1.fsa
[10:40:52] /Users/liujiayu/Library/Mobile Documents/com~apple~CloudDocs/Joy/Á°ïÂ£´/ËÄêËæêÂ∞ÑËÆ∫Êñá/radiation-article/‰∏ÄÊîπ/Application/Example/feature_ogs/prokka_results/prokka_Deinococcus_cellulosilyticus_NBRC_106333_ASM799077v1/Deinococcus_cellulosilyticus_NBRC_106333_ASM799077v1.gbk
[10:40:52] /Users/liujiayu/Library/Mobile Documents/com~apple~CloudDocs/Joy/Á°ïÂ£´/ËÄêËæêÂ∞ÑËÆ∫Êñá/radiation-article/‰∏ÄÊîπ/Application/Example/feature_ogs/prokka_results/prokka_Deinococcus_cellulosilyticus_NBRC_106333_ASM799077v1/Deinococcus_cellulosilyticus_NBRC_106333_ASM799077v1.log
[10:40:52] /Users/liujiayu/Library/Mobile Documents/com~apple~CloudDocs/Joy/Á°ïÂ£´/ËÄêËæêÂ∞ÑËÆ∫Êñá/radiation-article/‰∏ÄÊîπ/Application/Example/feature_ogs/prokka_results/prokka_Deinococcus_cellulosilyticus_NBRC_106333_ASM799077v1/Deinococcus_cellulosilyticus_NBRC_106333_ASM799077v1.ffn
[10:40:52] Annotation finished successfully.
[10:40:52] Walltime used: 1.95 minutes
[10:40:52] If you use this result please cite the Prokka paper:
[10:40:52] Seemann T (2014) Prokka: rapid prokaryotic genome annotation. Bioinformatics. 30(14):2068-9.
[10:40:52] Type 'prokka --citation' for more details.
[10:40:52] Share and enjoy!
