[10:42:19] This is prokka 1.14.6
[10:42:19] Written by Torsten Seemann <torsten.seemann@gmail.com>
[10:42:19] Homepage is https://github.com/tseemann/prokka
[10:42:19] Local time is Mon May 12 10:42:19 2025
[10:42:19] You are liujiayu
[10:42:19] Operating system is darwin
[10:42:19] You have BioPerl 1.7.8
[10:42:19] System has 10 cores.
[10:42:19] Will use maximum of 10 cores.
[10:42:19] Annotating as >>> Bacteria <<<
[10:42:19] Generating locus_tag from '/Users/liujiayu/Library/Mobile Documents/com~apple~CloudDocs/Joy/ç¡•å£«/è€è¾å°„è®ºæ–‡/radiation-article/ä¸€æ”¹/Application/Example/genome_file/Deinococcus_geothermalis_DSM_11300_ASM19627v1a.fasta' contents.
[10:42:19] Setting --locustag EBPMBNNM from MD5 eb96b776faa65d33cff9f10145787aed
[10:42:19] Creating new output folder: /Users/liujiayu/Library/Mobile Documents/com~apple~CloudDocs/Joy/ç¡•å£«/è€è¾å°„è®ºæ–‡/radiation-article/ä¸€æ”¹/Application/Example/feature_ogs/prokka_results/prokka_Deinococcus_geothermalis_DSM_11300_ASM19627v1a
[10:42:19] Running: mkdir -p \/Users\/liujiayu\/Library\/Mobile\ Documents\/com\~apple\~CloudDocs\/Joy\/\ç\¡\•\å\£\«\/\è\€\\è\¾\\å\°\„\è\®\º\æ\–\‡\/radiation\-article\/\ä\¸\€\æ\”\¹\/Application\/Example\/feature_ogs\/prokka_results\/prokka_Deinococcus_geothermalis_DSM_11300_ASM19627v1a
[10:42:19] Using filename prefix: Deinococcus_geothermalis_DSM_11300_ASM19627v1a.XXX
[10:42:19] Setting HMMER_NCPU=1
[10:42:19] Writing log to: /Users/liujiayu/Library/Mobile Documents/com~apple~CloudDocs/Joy/ç¡•å£«/è€è¾å°„è®ºæ–‡/radiation-article/ä¸€æ”¹/Application/Example/feature_ogs/prokka_results/prokka_Deinococcus_geothermalis_DSM_11300_ASM19627v1a/Deinococcus_geothermalis_DSM_11300_ASM19627v1a.log
[10:42:19] Command: /Users/liujiayu/opt/anaconda3/envs/XB-Radiation/bin/prokka --outdir /Users/liujiayu/Library/Mobile Documents/com~apple~CloudDocs/Joy/ç¡•å£«/è€è¾å°„è®ºæ–‡/radiation-article/ä¸€æ”¹/Application/Example/feature_ogs/prokka_results/prokka_Deinococcus_geothermalis_DSM_11300_ASM19627v1a --prefix Deinococcus_geothermalis_DSM_11300_ASM19627v1a --cpus 10 /Users/liujiayu/Library/Mobile Documents/com~apple~CloudDocs/Joy/ç¡•å£«/è€è¾å°„è®ºæ–‡/radiation-article/ä¸€æ”¹/Application/Example/genome_file/Deinococcus_geothermalis_DSM_11300_ASM19627v1a.fasta
[10:42:19] Appending to PATH: /Users/liujiayu/opt/anaconda3/envs/XB-Radiation/bin
[10:42:19] Looking for 'aragorn' - found /Users/liujiayu/opt/anaconda3/envs/XB-Radiation/bin/aragorn
[10:42:19] Determined aragorn version is 001002 from 'ARAGORN v1.2.41 Dean Laslett'
[10:42:19] Looking for 'barrnap' - found /Users/liujiayu/opt/anaconda3/envs/XB-Radiation/bin/barrnap
[10:42:19] Determined barrnap version is 000009 from 'barrnap 0.9'
[10:42:19] Looking for 'blastp' - found /Users/liujiayu/opt/anaconda3/envs/XB-Radiation/bin/blastp
[10:42:19] Determined blastp version is 002016 from 'blastp: 2.16.0+'
[10:42:19] Looking for 'cmpress' - found /Users/liujiayu/opt/anaconda3/envs/XB-Radiation/bin/cmpress
[10:42:19] Determined cmpress version is 001001 from '# INFERNAL 1.1.5 (Sep 2023)'
[10:42:19] Looking for 'cmscan' - found /Users/liujiayu/opt/anaconda3/envs/XB-Radiation/bin/cmscan
[10:42:19] Determined cmscan version is 001001 from '# INFERNAL 1.1.5 (Sep 2023)'
[10:42:19] Looking for 'egrep' - found /usr/bin/egrep
[10:42:19] Looking for 'find' - found /usr/bin/find
[10:42:19] Looking for 'grep' - found /usr/bin/grep
[10:42:19] Looking for 'hmmpress' - found /Users/liujiayu/opt/anaconda3/envs/XB-Radiation/bin/hmmpress
[10:42:19] Determined hmmpress version is 003004 from '# HMMER 3.4 (Aug 2023); http://hmmer.org/'
[10:42:19] Looking for 'hmmscan' - found /Users/liujiayu/opt/anaconda3/envs/XB-Radiation/bin/hmmscan
[10:42:19] Determined hmmscan version is 003004 from '# HMMER 3.4 (Aug 2023); http://hmmer.org/'
[10:42:19] Looking for 'java' - found /Library/Java/JavaVirtualMachines/temurin-11.jdk/Contents/Home/bin/java
[10:42:19] Looking for 'makeblastdb' - found /Users/liujiayu/opt/anaconda3/envs/XB-Radiation/bin/makeblastdb
[10:42:19] Determined makeblastdb version is 002016 from 'makeblastdb: 2.16.0+'
[10:42:19] Looking for 'minced' - found /Users/liujiayu/opt/anaconda3/envs/XB-Radiation/bin/minced
[10:42:20] Determined minced version is 004002 from 'minced 0.4.2'
[10:42:20] Looking for 'parallel' - found /Users/liujiayu/opt/anaconda3/envs/XB-Radiation/bin/parallel
[10:42:20] Determined parallel version is 20250422 from 'GNU parallel 20250422'
[10:42:20] Looking for 'prodigal' - found /Users/liujiayu/opt/anaconda3/envs/XB-Radiation/bin/prodigal
[10:42:20] Determined prodigal version is 002006 from 'Prodigal V2.6.3: February, 2016'
[10:42:20] Looking for 'prokka-genbank_to_fasta_db' - found /Users/liujiayu/opt/anaconda3/envs/XB-Radiation/bin/prokka-genbank_to_fasta_db
[10:42:20] Looking for 'sed' - found /usr/bin/sed
[10:42:20] Looking for 'tbl2asn' - found /Users/liujiayu/opt/anaconda3/envs/XB-Radiation/bin/tbl2asn
[10:42:20] Determined tbl2asn version is 025007 from 'tbl2asn 25.7   arguments:'
[10:42:20] Using genetic code table 11.
[10:42:20] Loading and checking input file: /Users/liujiayu/Library/Mobile Documents/com~apple~CloudDocs/Joy/ç¡•å£«/è€è¾å°„è®ºæ–‡/radiation-article/ä¸€æ”¹/Application/Example/genome_file/Deinococcus_geothermalis_DSM_11300_ASM19627v1a.fasta
[10:42:20] Changing illegal '|' to '_' in sequence name: gnl|X|OGMGMCIP_1
[10:42:20] Changing illegal '|' to '_' in sequence name: gnl|X|OGMGMCIP_2
[10:42:20] Changing illegal '|' to '_' in sequence name: gnl|X|OGMGMCIP_3
[10:42:20] Wrote 3 contigs totalling 3247018 bp.
[10:42:20] Predicting tRNAs and tmRNAs
[10:42:20] Running: aragorn -l -gc11  -w \/Users\/liujiayu\/Library\/Mobile\ Documents\/com\~apple\~CloudDocs\/Joy\/\ç\¡\•\å\£\«\/\è\€\\è\¾\\å\°\„\è\®\º\æ\–\‡\/radiation\-article\/\ä\¸\€\æ\”\¹\/Application\/Example\/feature_ogs\/prokka_results\/prokka_Deinococcus_geothermalis_DSM_11300_ASM19627v1a\/Deinococcus_geothermalis_DSM_11300_ASM19627v1a\.fna
[10:42:21] 1 tRNA-Lys [78888,78963] 34 (ctt)
[10:42:21] 2 tRNA-Asp [177593,177668] 34 (gtc)
[10:42:21] 3 tRNA-Phe [177691,177766] 34 (gaa)
[10:42:21] 4 tRNA-Pro c[227331,227407] 35 (ggg)
[10:42:21] 5 tRNA-Trp c[231944,232019] 34 (cca)
[10:42:21] 6 tRNA-Gly [328951,329026] 34 (gcc)
[10:42:21] 7 tRNA-Glu c[355227,355301] 34 (ttc)
[10:42:21] 8 tRNA-Gln [397070,397143] 33 (ttg)
[10:42:21] 9 tRNA-Asn c[435353,435427] 33 (gtt)
[10:42:21] 10 tRNA-His [440201,440277] 35 (gtg)
[10:42:21] 11 tRNA-Leu [440331,440416] 35 (tag)
[10:42:21] 12 tRNA-Leu [444215,444305] 40 (tag)
[10:42:21] tRNA c[492743,492829] is a pseudo/wacky gene - skipping.
[10:42:21] 14 tRNA-Glu [504686,504760] 34 (ctc)
[10:42:21] 15 tRNA-Thr [518238,518332] 38 (ggt)
[10:42:21] 16 tRNA-Ala c[582403,582478] 34 (cgc)
[10:42:21] 17 tRNA-Ala [655453,655527] 33 (tgc)
[10:42:21] 18 tRNA-Thr c[699950,700024] 33 (ggt)
[10:42:21] 19 tRNA-Gly c[700034,700106] 34 (ccc)
[10:42:21] 20 tRNA-Tyr c[700110,700195] 35 (gta)
[10:42:21] 21 tRNA-Thr c[700256,700331] 34 (tgt)
[10:42:21] 22 tRNA-Val c[1416271,1416345] 33 (tac)
[10:42:21] 23 tRNA-Leu c[1435008,1435090] 35 (caa)
[10:42:21] 24 tRNA-Met [1463818,1463894] 35 (cat)
[10:42:21] 25 tRNA-Pro [1521063,1521139] 35 (cgg)
[10:42:21] 26 tRNA-Lys c[1530030,1530105] 34 (ttt)
[10:42:21] 27 tRNA-Val c[1599558,1599632] 33 (gac)
[10:42:21] 28 tRNA-Cys c[1599646,1599719] 33 (gca)
[10:42:21] 29 tRNA-Ser c[1647172,1647261] 35 (gga)
[10:42:21] 30 tRNA-Gln c[1676412,1676485] 33 (ctg)
[10:42:21] 31 tRNA-Arg c[1702114,1702190] 35 (ccg)
[10:42:21] 32 tRNA-Ile c[1850752,1850828] 35 (gat)
[10:42:21] 33 tRNA-Asp [1886401,1886476] 34 (gtc)
[10:42:21] 34 tRNA-Arg c[1916667,1916743] 35 (acg)
[10:42:21] 35 tRNA-Ser c[1916762,1916854] 35 (gct)
[10:42:21] 36 tRNA-Ser c[1916880,1916967] 35 (tga)
[10:42:21] 37 tRNA-Gly c[2010487,2010562] 34 (gcc)
[10:42:21] 38 tRNA-Met c[2087728,2087804] 35 (cat)
[10:42:21] 39 tRNA-Ala c[2087843,2087918] 34 (ggc)
[10:42:21] 40 tRNA-Val c[2090397,2090471] 33 (cac)
[10:42:21] 41 tRNA-Met c[2090498,2090573] 34 (cat)
[10:42:21] 42 tRNA-Ser [2111082,2111171] 35 (cga)
[10:42:21] 43 tmRNA [2118878,2119225] 92,121 GNQNYALAA*
[10:42:21] 44 tRNA-Leu [2129216,2129302] 35 (taa)
[10:42:21] 45 tRNA-Thr c[2216152,2216226] 33 (cgt)
[10:42:21] 46 tRNA-Leu c[2277302,2277386] 35 (cag)
[10:42:21] 47 tRNA-Leu [2311081,2311164] 35 (gag)
[10:42:21] 48 tRNA-Arg c[2353553,2353629] 35 (tct)
[10:42:21] 49 tRNA-Gly c[2353665,2353738] 33 (tcc)
[10:42:21] 50 tRNA-Pro c[2353766,2353842] 35 (tgg)
[10:42:21] 51 tRNA-Gly c[2372571,2372646] 34 (gcc)
[10:42:21] 52 tRNA-Arg c[2441584,2441660] 35 (cct)
[10:42:21] Found 51 tRNAs
[10:42:21] Predicting Ribosomal RNAs
[10:42:21] Running Barrnap with 10 threads
[10:42:22] 1 gnl_X_OGMGMCIP_1 157584 16S ribosomal RNA
[10:42:22] 2 gnl_X_OGMGMCIP_1 325854 23S ribosomal RNA
[10:42:22] 3 gnl_X_OGMGMCIP_1 400314 16S ribosomal RNA
[10:42:22] 4 gnl_X_OGMGMCIP_1 2010778 23S ribosomal RNA
[10:42:22] 5 gnl_X_OGMGMCIP_1 2360346 16S ribosomal RNA
[10:42:22] 6 gnl_X_OGMGMCIP_1 2372862 23S ribosomal RNA
[10:42:22] 7 gnl_X_OGMGMCIP_2 8890 16S ribosomal RNA
[10:42:22] 8 gnl_X_OGMGMCIP_2 10634 23S ribosomal RNA
[10:42:22] Found 8 rRNAs
[10:42:22] Skipping ncRNA search, enable with --rfam if desired.
[10:42:22] Total of 58 tRNA + rRNA features
[10:42:22] Searching for CRISPR repeats
[10:42:23] CRISPR1 gnl_X_OGMGMCIP_1 217948 with 12 spacers
[10:42:23] CRISPR2 gnl_X_OGMGMCIP_1 883970 with 7 spacers
[10:42:23] CRISPR3 gnl_X_OGMGMCIP_1 1024762 with 4 spacers
[10:42:23] CRISPR4 gnl_X_OGMGMCIP_1 1423870 with 10 spacers
[10:42:23] CRISPR5 gnl_X_OGMGMCIP_1 1488142 with 25 spacers
[10:42:23] CRISPR6 gnl_X_OGMGMCIP_2 402787 with 67 spacers
[10:42:23] Found 6 CRISPRs
[10:42:23] Predicting coding sequences
[10:42:23] Contigs total 3247018 bp, so using single mode
[10:42:23] Running: prodigal -i \/Users\/liujiayu\/Library\/Mobile\ Documents\/com\~apple\~CloudDocs\/Joy\/\ç\¡\•\å\£\«\/\è\€\\è\¾\\å\°\„\è\®\º\æ\–\‡\/radiation\-article\/\ä\¸\€\æ\”\¹\/Application\/Example\/feature_ogs\/prokka_results\/prokka_Deinococcus_geothermalis_DSM_11300_ASM19627v1a\/Deinococcus_geothermalis_DSM_11300_ASM19627v1a\.fna -c -m -g 11 -p single -f sco -q
[10:42:25] Excluding CDS which overlaps existing RNA (rRNA) at gnl_X_OGMGMCIP_1:158740..158985 on + strand
[10:42:25] Excluding CDS which overlaps existing RNA (repeat_region) at gnl_X_OGMGMCIP_1:217915..218709 on + strand
[10:42:25] Excluding CDS which overlaps existing RNA (rRNA) at gnl_X_OGMGMCIP_1:327916..328356 on - strand
[10:42:25] Excluding CDS which overlaps existing RNA (tRNA) at gnl_X_OGMGMCIP_1:517141..519069 on - strand
[10:42:26] Excluding CDS which overlaps existing RNA (repeat_region) at gnl_X_OGMGMCIP_1:1423136..1423876 on + strand
[10:42:26] Excluding CDS which overlaps existing RNA (repeat_region) at gnl_X_OGMGMCIP_1:1488063..1489424 on - strand
[10:42:26] Excluding CDS which overlaps existing RNA (rRNA) at gnl_X_OGMGMCIP_1:2011158..2011598 on + strand
[10:42:26] Excluding CDS which overlaps existing RNA (rRNA) at gnl_X_OGMGMCIP_1:2360450..2360695 on - strand
[10:42:26] Excluding CDS which overlaps existing RNA (rRNA) at gnl_X_OGMGMCIP_1:2373242..2373682 on + strand
[10:42:26] Excluding CDS which overlaps existing RNA (rRNA) at gnl_X_OGMGMCIP_2:10046..10291 on + strand
[10:42:26] Excluding CDS which overlaps existing RNA (rRNA) at gnl_X_OGMGMCIP_2:12696..13136 on - strand
[10:42:26] Excluding CDS which overlaps existing RNA (repeat_region) at gnl_X_OGMGMCIP_2:402938..404239 on + strand
[10:42:26] Excluding CDS which overlaps existing RNA (repeat_region) at gnl_X_OGMGMCIP_2:404292..405509 on + strand
[10:42:26] Found 3142 CDS
[10:42:26] Connecting features back to sequences
[10:42:26] Not using genus-specific database. Try --usegenus to enable it.
[10:42:26] Annotating CDS, please be patient.
[10:42:26] Will use 10 CPUs for similarity searching.
[10:42:27] There are still 3142 unannotated CDS left (started with 3142)
[10:42:27] Will use blast to search against /Users/liujiayu/opt/anaconda3/envs/XB-Radiation/db/kingdom/Bacteria/IS with 10 CPUs
[10:42:27] Running: cat \/Users\/liujiayu\/Library\/Mobile\ Documents\/com\~apple\~CloudDocs\/Joy\/\ç\¡\•\å\£\«\/\è\€\\è\¾\\å\°\„\è\®\º\æ\–\‡\/radiation\-article\/\ä\¸\€\æ\”\¹\/Application\/Example\/feature_ogs\/prokka_results\/prokka_Deinococcus_geothermalis_DSM_11300_ASM19627v1a\/Deinococcus_geothermalis_DSM_11300_ASM19627v1a\.IS\.tmp\.47390\.faa | parallel --gnu --plain -j 10 --block 49419 --recstart '>' --pipe blastp -query - -db /Users/liujiayu/opt/anaconda3/envs/XB-Radiation/db/kingdom/Bacteria/IS -evalue 1e-30 -qcov_hsp_perc 90 -num_threads 1 -num_descriptions 1 -num_alignments 1 -seg no > \/Users\/liujiayu\/Library\/Mobile\ Documents\/com\~apple\~CloudDocs\/Joy\/\ç\¡\•\å\£\«\/\è\€\\è\¾\\å\°\„\è\®\º\æ\–\‡\/radiation\-article\/\ä\¸\€\æ\”\¹\/Application\/Example\/feature_ogs\/prokka_results\/prokka_Deinococcus_geothermalis_DSM_11300_ASM19627v1a\/Deinococcus_geothermalis_DSM_11300_ASM19627v1a\.IS\.tmp\.47390\.blast 2> /dev/null
[10:42:33] Deleting unwanted file: /Users/liujiayu/Library/Mobile Documents/com~apple~CloudDocs/Joy/ç¡•å£«/è€è¾å°„è®ºæ–‡/radiation-article/ä¸€æ”¹/Application/Example/feature_ogs/prokka_results/prokka_Deinococcus_geothermalis_DSM_11300_ASM19627v1a/Deinococcus_geothermalis_DSM_11300_ASM19627v1a.IS.tmp.47390.faa
[10:42:33] Deleting unwanted file: /Users/liujiayu/Library/Mobile Documents/com~apple~CloudDocs/Joy/ç¡•å£«/è€è¾å°„è®ºæ–‡/radiation-article/ä¸€æ”¹/Application/Example/feature_ogs/prokka_results/prokka_Deinococcus_geothermalis_DSM_11300_ASM19627v1a/Deinococcus_geothermalis_DSM_11300_ASM19627v1a.IS.tmp.47390.blast
[10:42:34] There are still 3054 unannotated CDS left (started with 3142)
[10:42:34] Will use blast to search against /Users/liujiayu/opt/anaconda3/envs/XB-Radiation/db/kingdom/Bacteria/AMR with 10 CPUs
[10:42:34] Running: cat \/Users\/liujiayu\/Library\/Mobile\ Documents\/com\~apple\~CloudDocs\/Joy\/\ç\¡\•\å\£\«\/\è\€\\è\¾\\å\°\„\è\®\º\æ\–\‡\/radiation\-article\/\ä\¸\€\æ\”\¹\/Application\/Example\/feature_ogs\/prokka_results\/prokka_Deinococcus_geothermalis_DSM_11300_ASM19627v1a\/Deinococcus_geothermalis_DSM_11300_ASM19627v1a\.AMR\.tmp\.47390\.faa | parallel --gnu --plain -j 10 --block 48215 --recstart '>' --pipe blastp -query - -db /Users/liujiayu/opt/anaconda3/envs/XB-Radiation/db/kingdom/Bacteria/AMR -evalue 1e-300 -qcov_hsp_perc 90 -num_threads 1 -num_descriptions 1 -num_alignments 1 -seg no > \/Users\/liujiayu\/Library\/Mobile\ Documents\/com\~apple\~CloudDocs\/Joy\/\ç\¡\•\å\£\«\/\è\€\\è\¾\\å\°\„\è\®\º\æ\–\‡\/radiation\-article\/\ä\¸\€\æ\”\¹\/Application\/Example\/feature_ogs\/prokka_results\/prokka_Deinococcus_geothermalis_DSM_11300_ASM19627v1a\/Deinococcus_geothermalis_DSM_11300_ASM19627v1a\.AMR\.tmp\.47390\.blast 2> /dev/null
[10:42:38] Deleting unwanted file: /Users/liujiayu/Library/Mobile Documents/com~apple~CloudDocs/Joy/ç¡•å£«/è€è¾å°„è®ºæ–‡/radiation-article/ä¸€æ”¹/Application/Example/feature_ogs/prokka_results/prokka_Deinococcus_geothermalis_DSM_11300_ASM19627v1a/Deinococcus_geothermalis_DSM_11300_ASM19627v1a.AMR.tmp.47390.faa
[10:42:38] Deleting unwanted file: /Users/liujiayu/Library/Mobile Documents/com~apple~CloudDocs/Joy/ç¡•å£«/è€è¾å°„è®ºæ–‡/radiation-article/ä¸€æ”¹/Application/Example/feature_ogs/prokka_results/prokka_Deinococcus_geothermalis_DSM_11300_ASM19627v1a/Deinococcus_geothermalis_DSM_11300_ASM19627v1a.AMR.tmp.47390.blast
[10:42:39] There are still 3054 unannotated CDS left (started with 3142)
[10:42:39] Will use blast to search against /Users/liujiayu/opt/anaconda3/envs/XB-Radiation/db/kingdom/Bacteria/sprot with 10 CPUs
[10:42:39] Running: cat \/Users\/liujiayu\/Library\/Mobile\ Documents\/com\~apple\~CloudDocs\/Joy\/\ç\¡\•\å\£\«\/\è\€\\è\¾\\å\°\„\è\®\º\æ\–\‡\/radiation\-article\/\ä\¸\€\æ\”\¹\/Application\/Example\/feature_ogs\/prokka_results\/prokka_Deinococcus_geothermalis_DSM_11300_ASM19627v1a\/Deinococcus_geothermalis_DSM_11300_ASM19627v1a\.sprot\.tmp\.47390\.faa | parallel --gnu --plain -j 10 --block 48215 --recstart '>' --pipe blastp -query - -db /Users/liujiayu/opt/anaconda3/envs/XB-Radiation/db/kingdom/Bacteria/sprot -evalue 1e-09 -qcov_hsp_perc 80 -num_threads 1 -num_descriptions 1 -num_alignments 1 -seg no > \/Users\/liujiayu\/Library\/Mobile\ Documents\/com\~apple\~CloudDocs\/Joy\/\ç\¡\•\å\£\«\/\è\€\\è\¾\\å\°\„\è\®\º\æ\–\‡\/radiation\-article\/\ä\¸\€\æ\”\¹\/Application\/Example\/feature_ogs\/prokka_results\/prokka_Deinococcus_geothermalis_DSM_11300_ASM19627v1a\/Deinococcus_geothermalis_DSM_11300_ASM19627v1a\.sprot\.tmp\.47390\.blast 2> /dev/null
[10:43:00] Modify product: Peptidoglycan-N-acetylglucosamine deacetylase BC_1960 => Peptidoglycan-N-acetylglucosamine deacetylase
[10:43:00] Modify product: Probable fatty acid methyltransferase Rv3720 => putative fatty acid methyltransferase
[10:43:00] Modify product: Uncharacterized cysteine-rich protein YhjQ => putative cysteine-rich protein YhjQ
[10:43:00] Modify product: UPF0053 inner membrane protein YtfL => hypothetical protein
[10:43:00] Modify product: Probable L-asparaginase => putative L-asparaginase
[10:43:00] Modify product: Uncharacterized oxidoreductase SA2266 => putative oxidoreductase
[10:43:00] Modify product: Transcriptional repressor SmtB homolog => Transcriptional repressor SmtB 
[10:43:00] Modify product: Phosphate-specific transport system accessory protein PhoU homolog => Phosphate-specific transport system accessory protein PhoU 
[10:43:00] Modify product: UPF0173 metal-dependent hydrolase SA1529 => hypothetical protein
[10:43:00] Modify product: Probable enoyl-CoA hydratase echA8 => putative enoyl-CoA hydratase echA8
[10:43:00] Modify product: Probable 2,4-dienoyl-CoA reductase => putative 2,4-dienoyl-CoA reductase
[10:43:00] Modify product: Ribonuclease TTHA0252 => Ribonuclease
[10:43:00] Modify product: Uncharacterized oxidoreductase MSMEG_2408/MSMEI_2347 => putative oxidoreductase/MSMEI_2347
[10:43:00] Modify product: Probable adenylyltransferase/sulfurtransferase MoeZ => putative adenylyltransferase/sulfurtransferase MoeZ
[10:43:00] Modify product: Probable UbiX-like flavin prenyltransferase => putative UbiX-like flavin prenyltransferase
[10:43:00] Modify product: Uncharacterized protein Rv0959 => putative protein
[10:43:00] Modify product: UPF0382 membrane protein YwdK => hypothetical protein
[10:43:00] Modify product: Probable chaperone CsaA => putative chaperone CsaA
[10:43:00] Modify product: UPF0053 inner membrane protein YgdQ => hypothetical protein
[10:43:00] Modify product: Probable succinyl-CoA:3-ketoacid coenzyme A transferase subunit A => putative succinyl-CoA:3-ketoacid coenzyme A transferase subunit A
[10:43:00] Modify product: Probable succinyl-CoA:3-ketoacid coenzyme A transferase subunit B => putative succinyl-CoA:3-ketoacid coenzyme A transferase subunit B
[10:43:00] Modify product: Uncharacterized oxidoreductase SA2266 => putative oxidoreductase
[10:43:00] Modify product: Probable membrane transporter protein YfcA => putative membrane transporter protein YfcA
[10:43:00] Modify product: Probable N-octanoylanthranilate hydrolase AqdA1 => putative N-octanoylanthranilate hydrolase AqdA1
[10:43:00] Modify product: Leu/Ile/Val-binding protein homolog 3 => Leu/Ile/Val-binding protein 
[10:43:00] Modify product: Uncharacterized protein YisK => putative protein YisK
[10:43:00] Modify product: Probable ABC transporter ATP-binding protein NosF => putative ABC transporter ATP-binding protein NosF
[10:43:00] Modify product: Putative peroxiredoxin Rv2521 => Putative peroxiredoxin
[10:43:00] Modify product: UPF0053 protein Rv1842c => hypothetical protein
[10:43:00] Modify product: DegV domain-containing protein MW1315 => DegV domain-containing protein
[10:43:00] Modify product: Uncharacterized inner membrane transporter YicL => putative inner membrane transporter YicL
[10:43:00] Modify product: Uncharacterized membrane protein YdfK => putative membrane protein YdfK
[10:43:00] Modify product: Probable 2-phosphosulfolactate phosphatase => putative 2-phosphosulfolactate phosphatase
[10:43:00] Modify product: Probable GTPase Rv1496 => putative GTPase
[10:43:00] Modify product: Uncharacterized RNA pseudouridine synthase HP_0347 => putative RNA pseudouridine synthase
[10:43:00] Modify product: Probable sugar-binding periplasmic protein => putative sugar-binding periplasmic protein
[10:43:00] Modify product: Uncharacterized ABC transporter ATP-binding protein YheS => putative ABC transporter ATP-binding protein YheS
[10:43:00] Modify product: Uncharacterized protein Rv2030c => putative protein
[10:43:00] Modify product: Uncharacterized protein Rv2030c => putative protein
[10:43:00] Modify product: Putative aminotransferase MSMEG_6286/MSMEI_6121 => Putative aminotransferase/MSMEI_6121
[10:43:00] Modify product: Uncharacterized protein YyaP => putative protein YyaP
[10:43:00] Modify product: Probable chromate transport protein => putative chromate transport protein
[10:43:00] Modify product: Uncharacterized oxidoreductase Rv0484c => putative oxidoreductase
[10:43:00] Modify product: Phage shock protein A homolog => Phage shock protein A 
[10:43:00] Modify product: Probable quorum-quenching lactonase YtnP => putative quorum-quenching lactonase YtnP
[10:43:00] Modify product: Probable manganese-dependent inorganic pyrophosphatase => putative manganese-dependent inorganic pyrophosphatase
[10:43:00] Modify product: Uncharacterized protein DR_0269 => putative protein
[10:43:00] Modify product: Probable N-acetyl-alpha-D-glucosaminyl L-malate deacetylase 2 => putative N-acetyl-alpha-D-glucosaminyl L-malate deacetylase 2
[10:43:00] Modify product: Probable xanthine dehydrogenase subunit A => putative xanthine dehydrogenase subunit A
[10:43:00] Modify product: UPF0301 protein VC_0467 => hypothetical protein
[10:43:00] Modify product: DegV domain-containing protein SA1258 => DegV domain-containing protein
[10:43:00] Modify product: Probable transaldolase => putative transaldolase
[10:43:00] Modify product: Phosphatase Rv3376 => Phosphatase
[10:43:00] Modify product: Uncharacterized protein YcnI => putative protein YcnI
[10:43:00] Modify product: Uncharacterized isomerase YddE => putative isomerase YddE
[10:43:00] Modify product: Putative phosphatase M6_Spy0533 => Putative phosphatase
[10:43:00] Modify product: Uncharacterized sugar kinase YdjH => putative sugar kinase YdjH
[10:43:00] Modify product: Probable nicotinate-nucleotide pyrophosphorylase [carboxylating] => putative nicotinate-nucleotide pyrophosphorylase [carboxylating]
[10:43:00] Modify product: Probable aminotransferase Rv3329 => putative aminotransferase
[10:43:00] Modify product: Potassium channel HX13_20290 => Potassium channel
[10:43:00] Modify product: UPF0051 protein SA0778 => hypothetical protein
[10:43:00] Modify product: UPF0051 protein SA0778 => hypothetical protein
[10:43:00] Modify product: Probable peptidoglycan glycosyltransferase FtsW => putative peptidoglycan glycosyltransferase FtsW
[10:43:00] Modify product: Uncharacterized ABC transporter ATP-binding protein YheS => putative ABC transporter ATP-binding protein YheS
[10:43:00] Modify product: Bifunctional protein FolD => Bifunctional protein FolD protein
[10:43:00] Modify product: Glycogen operon protein GlgX homolog => Glycogen operon protein GlgX 
[10:43:00] Modify product: UPF0073 inner membrane protein YqfA => hypothetical protein
[10:43:00] Modify product: Probable glycolipid permease LtaA => putative glycolipid permease LtaA
[10:43:00] Modify product: Probable ABC transporter-binding protein DR_1438 => putative ABC transporter-binding protein
[10:43:00] Modify product: Probable 3-hydroxyacyl-CoA dehydrogenase => putative 3-hydroxyacyl-CoA dehydrogenase
[10:43:00] Modify product: Uncharacterized FAD-linked oxidoreductase Rv2280 => putative FAD-linked oxidoreductase
[10:43:00] Modify product: Probable multidrug resistance ABC transporter ATP-binding/permease protein YheI => putative multidrug resistance ABC transporter ATP-binding/permease protein YheI
[10:43:00] Modify product: Uncharacterized ABC transporter ATP-binding protein TM_0288 => putative ABC transporter ATP-binding protein
[10:43:00] Modify product: Phosphatase/phosphodiesterase DR_1281 => Phosphatase/phosphodiesterase
[10:43:00] Modify product: KsdD-like steroid dehydrogenase MSMEG_5835 => KsdD-like steroid dehydrogenase
[10:43:00] Modify product: Bifunctional protein FolD => Bifunctional protein FolD protein
[10:43:00] Modify product: Putative esterase PA1618 => Putative esterase
[10:43:00] Modify product: Nucleotide-binding protein SA0720 => Nucleotide-binding protein
[10:43:00] Modify product: Probable ABC transporter-binding protein DR_1571 => putative ABC transporter-binding protein
[10:43:00] Modify product: Putative multidrug export ATP-binding/permease protein SAV1866 => Putative multidrug export ATP-binding/permease protein
[10:43:00] Modify product: Probable peptidoglycan endopeptidase LytE => putative peptidoglycan endopeptidase LytE
[10:43:00] Modify product: DegV domain-containing protein SA1258 => DegV domain-containing protein
[10:43:00] Modify product: Putative HTH-type transcriptional regulator Rv1287 => Putative HTH-type transcriptional regulator
[10:43:00] Modify product: Probable adenylyl-sulfate kinase => putative adenylyl-sulfate kinase
[10:43:00] Modify product: Probable FMN/FAD exporter YeeO => putative FMN/FAD exporter YeeO
[10:43:00] Modify product: Rqc2 homolog RqcH => Rqc2 RqcH
[10:43:00] Modify product: Probable 3-hydroxybutyryl-CoA dehydrogenase => putative 3-hydroxybutyryl-CoA dehydrogenase
[10:43:00] Modify product: Uncharacterized protein DR_1314 => putative protein
[10:43:00] Modify product: Uncharacterized protein DR_1314 => putative protein
[10:43:00] Modify product: UPF0702 transmembrane protein YetF => hypothetical protein
[10:43:00] Modify product: Protein DR_1172 => Protein
[10:43:00] Modify product: Nucleoid-associated protein DR_0199 => Nucleoid-associated protein
[10:43:00] Modify product: Uncharacterized inner membrane transporter YedA => putative inner membrane transporter YedA
[10:43:00] Modify product: Probable amino-acid metabolite efflux pump => putative amino-acid metabolite efflux pump
[10:43:00] Modify product: Probable GTPase Rv1496 => putative GTPase
[10:43:00] Modify product: Putative bifunctional exonuclease/endonuclease protein Rv2191 => Putative bifunctional exonuclease/endonuclease protein
[10:43:00] Modify product: Uncharacterized protein YpjD => putative protein YpjD
[10:43:00] Modify product: Uncharacterized transporter YycB => putative transporter YycB
[10:43:00] Modify product: Uncharacterized protein YccU => putative protein YccU
[10:43:00] Modify product: GTP cyclohydrolase 1 type 2 homolog => GTP cyclohydrolase 1 type 2 
[10:43:00] Modify product: Uncharacterized protein YphB => putative protein YphB
[10:43:00] Modify product: Probable N-succinyldiaminopimelate aminotransferase DapC => putative N-succinyldiaminopimelate aminotransferase DapC
[10:43:00] Modify product: Uncharacterized HTH-type transcriptional regulator YbbH => putative HTH-type transcriptional regulator YbbH
[10:43:00] Modify product: Transcriptional repressor SmtB homolog => Transcriptional repressor SmtB 
[10:43:00] Modify product: Probable FMN/FAD exporter YeeO => putative FMN/FAD exporter YeeO
[10:43:00] Modify product: Probable iron export ATP-binding protein FetA => putative iron export ATP-binding protein FetA
[10:43:00] Modify product: Probable iron export permease protein FetB => putative iron export permease protein FetB
[10:43:00] Modify product: Probable ABC transporter-binding protein DR_1571 => putative ABC transporter-binding protein
[10:43:00] Modify product: Probable metallo-hydrolase YflN => putative metallo-hydrolase YflN
[10:43:01] Modify product: Probable nitrate transporter NarT => putative nitrate transporter NarT
[10:43:01] Modify product: Cell wall protein Lmo0130 => Cell wall protein
[10:43:01] Modify product: Uncharacterized protein Rv2850c => putative protein
[10:43:01] Modify product: Probable siderophore transport system ATP-binding protein YusV => putative siderophore transport system ATP-binding protein YusV
[10:43:01] Modify product: Probable siderophore transport system permease protein YfhA => putative siderophore transport system permease protein YfhA
[10:43:01] Modify product: Probable siderophore transport system permease protein YfiZ => putative siderophore transport system permease protein YfiZ
[10:43:01] Modify product: Putative formate dehydrogenase SA2102 => Putative formate dehydrogenase
[10:43:01] Modify product: Probable ABC transporter ATP-binding/permease protein HI_0664 => putative ABC transporter ATP-binding/permease protein
[10:43:01] Modify product: Sulfurtransferase Alvin_2599 => Sulfurtransferase
[10:43:01] Modify product: Uncharacterized protein Rv2575 => putative protein
[10:43:01] Modify product: Probable D,D-dipeptide transport system permease protein DdpB => putative D,D-dipeptide transport system permease protein DdpB
[10:43:01] Modify product: Uncharacterized aminopeptidase Rv1333 => putative aminopeptidase
[10:43:01] Modify product: UPF0056 inner membrane protein MarC => hypothetical protein
[10:43:01] Modify product: Probable NAD-dependent malic enzyme 2 => putative NAD-dependent malic enzyme 2
[10:43:01] Modify product: Probable NAD-dependent malic enzyme 2 => putative NAD-dependent malic enzyme 2
[10:43:01] Modify product: Probable enoyl-CoA hydratase echA12 => putative enoyl-CoA hydratase echA12
[10:43:01] Modify product: Uncharacterized acyl-CoA thioester hydrolase HI_0827 => putative acyl-CoA thioester hydrolase
[10:43:01] Modify product: Probable transcriptional regulatory protein DVU_2259 => putative transcriptional regulatory protein
[10:43:01] Modify product: Uncharacterized protein DR_1987 => putative protein
[10:43:01] Modify product: Uncharacterized SufE-like protein Rv3284 => putative SufE-like protein
[10:43:01] Modify product: Uncharacterized zinc protease Rv2782c => putative zinc protease
[10:43:01] Modify product: Uncharacterized zinc protease Rv2782c => putative zinc protease
[10:43:01] Modify product: Uncharacterized protein Rv1708 => putative protein
[10:43:01] Modify product: Uncharacterized FAD-linked oxidoreductase Rv2280 => putative FAD-linked oxidoreductase
[10:43:01] Modify product: Probable enoyl-CoA hydratase 1 => putative enoyl-CoA hydratase 1
[10:43:01] Modify product: Uncharacterized protein YbcJ => putative protein YbcJ
[10:43:01] Modify product: Probable riboflavin import permease protein RfuD => putative riboflavin import permease protein RfuD
[10:43:01] Modify product: Putative esterase aq_1494 => Putative esterase
[10:43:01] Modify product: Uncharacterized protein Spy1614 => putative protein
[10:43:01] Modify product: Uncharacterized protein SA1069 => putative protein
[10:43:01] Modify product: Probable type IV piliation system protein DR_0774 => putative type IV piliation system protein
[10:43:01] Cleaned 140 /product names
[10:43:01] Deleting unwanted file: /Users/liujiayu/Library/Mobile Documents/com~apple~CloudDocs/Joy/ç¡•å£«/è€è¾å°„è®ºæ–‡/radiation-article/ä¸€æ”¹/Application/Example/feature_ogs/prokka_results/prokka_Deinococcus_geothermalis_DSM_11300_ASM19627v1a/Deinococcus_geothermalis_DSM_11300_ASM19627v1a.sprot.tmp.47390.faa
[10:43:01] Deleting unwanted file: /Users/liujiayu/Library/Mobile Documents/com~apple~CloudDocs/Joy/ç¡•å£«/è€è¾å°„è®ºæ–‡/radiation-article/ä¸€æ”¹/Application/Example/feature_ogs/prokka_results/prokka_Deinococcus_geothermalis_DSM_11300_ASM19627v1a/Deinococcus_geothermalis_DSM_11300_ASM19627v1a.sprot.tmp.47390.blast
[10:43:01] There are still 1635 unannotated CDS left (started with 3142)
[10:43:01] Will use hmmer3 to search against /Users/liujiayu/opt/anaconda3/envs/XB-Radiation/db/hmm/HAMAP.hmm with 10 CPUs
[10:43:01] Running: cat \/Users\/liujiayu\/Library\/Mobile\ Documents\/com\~apple\~CloudDocs\/Joy\/\ç\¡\•\å\£\«\/\è\€\\è\¾\\å\°\„\è\®\º\æ\–\‡\/radiation\-article\/\ä\¸\€\æ\”\¹\/Application\/Example\/feature_ogs\/prokka_results\/prokka_Deinococcus_geothermalis_DSM_11300_ASM19627v1a\/Deinococcus_geothermalis_DSM_11300_ASM19627v1a\.HAMAP\.hmm\.tmp\.47390\.faa | parallel --gnu --plain -j 10 --block 23633 --recstart '>' --pipe hmmscan --noali --notextw --acc -E 1e-09 --cpu 1 /Users/liujiayu/opt/anaconda3/envs/XB-Radiation/db/hmm/HAMAP.hmm /dev/stdin > \/Users\/liujiayu\/Library\/Mobile\ Documents\/com\~apple\~CloudDocs\/Joy\/\ç\¡\•\å\£\«\/\è\€\\è\¾\\å\°\„\è\®\º\æ\–\‡\/radiation\-article\/\ä\¸\€\æ\”\¹\/Application\/Example\/feature_ogs\/prokka_results\/prokka_Deinococcus_geothermalis_DSM_11300_ASM19627v1a\/Deinococcus_geothermalis_DSM_11300_ASM19627v1a\.HAMAP\.hmm\.tmp\.47390\.hmmer3 2> /dev/null
[10:43:18] Modify product: Uncharacterized Nudix hydrolase NudL => putative Nudix hydrolase NudL
[10:43:19] Cleaned 1 /product names
[10:43:19] Deleting unwanted file: /Users/liujiayu/Library/Mobile Documents/com~apple~CloudDocs/Joy/ç¡•å£«/è€è¾å°„è®ºæ–‡/radiation-article/ä¸€æ”¹/Application/Example/feature_ogs/prokka_results/prokka_Deinococcus_geothermalis_DSM_11300_ASM19627v1a/Deinococcus_geothermalis_DSM_11300_ASM19627v1a.HAMAP.hmm.tmp.47390.faa
[10:43:19] Deleting unwanted file: /Users/liujiayu/Library/Mobile Documents/com~apple~CloudDocs/Joy/ç¡•å£«/è€è¾å°„è®ºæ–‡/radiation-article/ä¸€æ”¹/Application/Example/feature_ogs/prokka_results/prokka_Deinococcus_geothermalis_DSM_11300_ASM19627v1a/Deinococcus_geothermalis_DSM_11300_ASM19627v1a.HAMAP.hmm.tmp.47390.hmmer3
[10:43:19] Labelling remaining 1403 proteins as 'hypothetical protein'
[10:43:19] Possible /pseudo 'Glutamate dehydrogenase' at gnl_X_OGMGMCIP_1 position 513141
[10:43:19] Possible /pseudo 'Chromosome partition protein Smc' at gnl_X_OGMGMCIP_1 position 879944
[10:43:19] Possible /pseudo 'putative protein' at gnl_X_OGMGMCIP_1 position 997210
[10:43:19] Possible /pseudo 'Glutamine synthetase' at gnl_X_OGMGMCIP_1 position 1281265
[10:43:19] Possible /pseudo 'Adaptive-response sensory-kinase SasA' at gnl_X_OGMGMCIP_1 position 1348458
[10:43:19] Possible /pseudo 'putative protein' at gnl_X_OGMGMCIP_1 position 1543942
[10:43:19] Possible /pseudo 'tRNA 5-methylaminomethyl-2-thiouridine biosynthesis bifunctional protein MnmC' at gnl_X_OGMGMCIP_1 position 1545126
[10:43:19] Possible /pseudo 'Nitronate monooxygenase' at gnl_X_OGMGMCIP_1 position 1580781
[10:43:19] Possible /pseudo 'Arsenical pump membrane protein' at gnl_X_OGMGMCIP_1 position 1690493
[10:43:19] Possible /pseudo 'IS1 family transposase ISDge2' at gnl_X_OGMGMCIP_1 position 1778475
[10:43:19] Possible /pseudo 'putative protein' at gnl_X_OGMGMCIP_1 position 1829341
[10:43:19] Possible /pseudo 'Siroheme synthase' at gnl_X_OGMGMCIP_1 position 2242346
[10:43:19] Possible /pseudo 'putative NAD-dependent malic enzyme 2' at gnl_X_OGMGMCIP_1 position 2270701
[10:43:19] Possible /pseudo 'putative zinc protease' at gnl_X_OGMGMCIP_1 position 2345624
[10:43:19] Possible /pseudo 'IS630 family transposase ISDge17' at gnl_X_OGMGMCIP_2 position 95243
[10:43:19] Possible /pseudo 'HTH-type transcriptional regulator XynR' at gnl_X_OGMGMCIP_2 position 110677
[10:43:19] Possible /pseudo 'Mannonate dehydratase' at gnl_X_OGMGMCIP_2 position 214761
[10:43:19] Possible /pseudo 'IS701 family transposase ISDge12' at gnl_X_OGMGMCIP_2 position 220667
[10:43:19] Possible /pseudo 'IS1 family transposase ISDge2' at gnl_X_OGMGMCIP_3 position 81204
[10:43:19] Found 1234 unique /gene codes.
[10:43:19] Fixed 2 duplicate /gene - sdhA_1 sdhA_2
[10:43:19] Fixed 2 duplicate /gene - tufA_1 tufA_2
[10:43:19] Fixed 3 duplicate /gene - plsY_1 plsY_2 plsY_3
[10:43:19] Fixed 2 duplicate /gene - rutD_1 rutD_2
[10:43:19] Fixed 2 duplicate /gene - nagC_1 nagC_2
[10:43:19] Fixed 2 duplicate /gene - acsA_1 acsA_2
[10:43:19] Fixed 2 duplicate /gene - fpgS_1 fpgS_2
[10:43:19] Fixed 2 duplicate /gene - rnhA_1 rnhA_2
[10:43:19] Fixed 2 duplicate /gene - xylA_1 xylA_2
[10:43:19] Fixed 2 duplicate /gene - csoR_1 csoR_2
[10:43:19] Fixed 2 duplicate /gene - melD_1 melD_2
[10:43:19] Fixed 2 duplicate /gene - gph_1 gph_2
[10:43:19] Fixed 2 duplicate /gene - hmuV_1 hmuV_2
[10:43:19] Fixed 2 duplicate /gene - crtD_1 crtD_2
[10:43:19] Fixed 2 duplicate /gene - citT_1 citT_2
[10:43:19] Fixed 3 duplicate /gene - degU_1 degU_2 degU_3
[10:43:19] Fixed 2 duplicate /gene - kdgA_1 kdgA_2
[10:43:19] Fixed 4 duplicate /gene - bcp_1 bcp_2 bcp_3 bcp_4
[10:43:19] Fixed 2 duplicate /gene - lon_1 lon_2
[10:43:19] Fixed 4 duplicate /gene - tetA_1 tetA_2 tetA_3 tetA_4
[10:43:19] Fixed 3 duplicate /gene - mprA_1 mprA_2 mprA_3
[10:43:19] Fixed 2 duplicate /gene - mnmG_1 mnmG_2
[10:43:19] Fixed 2 duplicate /gene - cusR_1 cusR_2
[10:43:19] Fixed 6 duplicate /gene - livF_1 livF_2 livF_3 livF_4 livF_5 livF_6
[10:43:19] Fixed 2 duplicate /gene - yheS_1 yheS_2
[10:43:19] Fixed 2 duplicate /gene - yegS_1 yegS_2
[10:43:19] Fixed 3 duplicate /gene - dppA_1 dppA_2 dppA_3
[10:43:19] Fixed 2 duplicate /gene - artM_1 artM_2
[10:43:19] Fixed 3 duplicate /gene - ssb_1 ssb_2 ssb_3
[10:43:19] Fixed 2 duplicate /gene - nanM_1 nanM_2
[10:43:19] Fixed 2 duplicate /gene - mdtD_1 mdtD_2
[10:43:19] Fixed 2 duplicate /gene - oppC_1 oppC_2
[10:43:19] Fixed 2 duplicate /gene - perR_1 perR_2
[10:43:19] Fixed 3 duplicate /gene - fliY_1 fliY_2 fliY_3
[10:43:19] Fixed 2 duplicate /gene - dnaJ_1 dnaJ_2
[10:43:19] Fixed 2 duplicate /gene - tmk_1 tmk_2
[10:43:19] Fixed 6 duplicate /gene - rcp1_1 rcp1_2 rcp1_3 rcp1_4 rcp1_5 rcp1_6
[10:43:19] Fixed 2 duplicate /gene - aceB_1 aceB_2
[10:43:19] Fixed 3 duplicate /gene - gloB_1 gloB_2 gloB_3
[10:43:19] Fixed 2 duplicate /gene - dagK_1 dagK_2
[10:43:19] Fixed 3 duplicate /gene - ugpB_1 ugpB_2 ugpB_3
[10:43:19] Fixed 2 duplicate /gene - copA_1 copA_2
[10:43:19] Fixed 3 duplicate /gene - nagR_1 nagR_2 nagR_3
[10:43:19] Fixed 2 duplicate /gene - deoD_1 deoD_2
[10:43:19] Fixed 2 duplicate /gene - xylB_1 xylB_2
[10:43:19] Fixed 2 duplicate /gene - mntB_1 mntB_2
[10:43:19] Fixed 2 duplicate /gene - frcA_1 frcA_2
[10:43:19] Fixed 2 duplicate /gene - yhdN_1 yhdN_2
[10:43:19] Fixed 2 duplicate /gene - nhaA_1 nhaA_2
[10:43:19] Fixed 6 duplicate /gene - xerC_1 xerC_2 xerC_3 xerC_4 xerC_5 xerC_6
[10:43:19] Fixed 2 duplicate /gene - sdhB_1 sdhB_2
[10:43:19] Fixed 2 duplicate /gene - yciF_1 yciF_2
[10:43:19] Fixed 2 duplicate /gene - rbsC_1 rbsC_2
[10:43:19] Fixed 2 duplicate /gene - thlA_1 thlA_2
[10:43:19] Fixed 2 duplicate /gene - ltaA_1 ltaA_2
[10:43:19] Fixed 2 duplicate /gene - ziaR_1 ziaR_2
[10:43:19] Fixed 2 duplicate /gene - mdtC_1 mdtC_2
[10:43:19] Fixed 3 duplicate /gene - htrA_1 htrA_2 htrA_3
[10:43:19] Fixed 2 duplicate /gene - rhaS_1 rhaS_2
[10:43:19] Fixed 2 duplicate /gene - nth_1 nth_2
[10:43:19] Fixed 3 duplicate /gene - ftsH_1 ftsH_2 ftsH_3
[10:43:19] Fixed 2 duplicate /gene - glgB_1 glgB_2
[10:43:19] Fixed 4 duplicate /gene - noc_1 noc_2 noc_3 noc_4
[10:43:19] Fixed 2 duplicate /gene - ftsA_1 ftsA_2
[10:43:19] Fixed 2 duplicate /gene - aroE_1 aroE_2
[10:43:19] Fixed 3 duplicate /gene - dppB_1 dppB_2 dppB_3
[10:43:19] Fixed 3 duplicate /gene - sugB_1 sugB_2 sugB_3
[10:43:19] Fixed 2 duplicate /gene - lrp_1 lrp_2
[10:43:19] Fixed 2 duplicate /gene - alaS_1 alaS_2
[10:43:19] Fixed 3 duplicate /gene - trxB_1 trxB_2 trxB_3
[10:43:19] Fixed 2 duplicate /gene - aroA_1 aroA_2
[10:43:19] Fixed 7 duplicate /gene - btuD_1 btuD_2 btuD_3 btuD_4 btuD_5 btuD_6 btuD_7
[10:43:19] Fixed 2 duplicate /gene - mprB_1 mprB_2
[10:43:19] Fixed 3 duplicate /gene - degA_1 degA_2 degA_3
[10:43:19] Fixed 2 duplicate /gene - udk_1 udk_2
[10:43:19] Fixed 3 duplicate /gene - hcaB_1 hcaB_2 hcaB_3
[10:43:19] Fixed 2 duplicate /gene - zntA_1 zntA_2
[10:43:19] Fixed 2 duplicate /gene - folD_1 folD_2
[10:43:19] Fixed 2 duplicate /gene - rnr_1 rnr_2
[10:43:19] Fixed 2 duplicate /gene - rpmB_1 rpmB_2
[10:43:19] Fixed 2 duplicate /gene - ddrB_1 ddrB_2
[10:43:19] Fixed 2 duplicate /gene - cof_1 cof_2
[10:43:19] Fixed 2 duplicate /gene - lspA_1 lspA_2
[10:43:19] Fixed 2 duplicate /gene - kstR2_1 kstR2_2
[10:43:19] Fixed 4 duplicate /gene - actP_1 actP_2 actP_3 actP_4
[10:43:19] Fixed 2 duplicate /gene - fadA_1 fadA_2
[10:43:19] Fixed 2 duplicate /gene - rcsC_1 rcsC_2
[10:43:19] Fixed 3 duplicate /gene - pnp_1 pnp_2 pnp_3
[10:43:19] Fixed 3 duplicate /gene - btuF_1 btuF_2 btuF_3
[10:43:19] Fixed 2 duplicate /gene - acrC_1 acrC_2
[10:43:19] Fixed 5 duplicate /gene - araQ_1 araQ_2 araQ_3 araQ_4 araQ_5
[10:43:19] Fixed 2 duplicate /gene - yecS_1 yecS_2
[10:43:19] Fixed 2 duplicate /gene - glmS_1 glmS_2
[10:43:19] Fixed 3 duplicate /gene - pyrE_1 pyrE_2 pyrE_3
[10:43:19] Fixed 2 duplicate /gene - bmr3_1 bmr3_2
[10:43:19] Fixed 7 duplicate /gene - mshA_1 mshA_2 mshA_3 mshA_4 mshA_5 mshA_6 mshA_7
[10:43:19] Fixed 3 duplicate /gene - COQ5_1 COQ5_2 COQ5_3
[10:43:19] Fixed 2 duplicate /gene - rapA_1 rapA_2
[10:43:19] Fixed 4 duplicate /gene - arsC_1 arsC_2 arsC_3 arsC_4
[10:43:19] Fixed 3 duplicate /gene - mshD_1 mshD_2 mshD_3
[10:43:19] Fixed 3 duplicate /gene - tatA_1 tatA_2 tatA_3
[10:43:19] Fixed 2 duplicate /gene - gabR_1 gabR_2
[10:43:19] Fixed 3 duplicate /gene - rlmI_1 rlmI_2 rlmI_3
[10:43:19] Fixed 4 duplicate /gene - arsB_1 arsB_2 arsB_3 arsB_4
[10:43:19] Fixed 2 duplicate /gene - thrB_1 thrB_2
[10:43:19] Fixed 2 duplicate /gene - tagA_1 tagA_2
[10:43:19] Fixed 2 duplicate /gene - lacZ_1 lacZ_2
[10:43:19] Fixed 2 duplicate /gene - iolS_1 iolS_2
[10:43:19] Fixed 2 duplicate /gene - gdhA_1 gdhA_2
[10:43:19] Fixed 2 duplicate /gene - regX3_1 regX3_2
[10:43:19] Fixed 2 duplicate /gene - petJ_1 petJ_2
[10:43:19] Fixed 2 duplicate /gene - mtgA_1 mtgA_2
[10:43:19] Fixed 2 duplicate /gene - kdpB_1 kdpB_2
[10:43:19] Fixed 6 duplicate /gene - livH_1 livH_2 livH_3 livH_4 livH_5 livH_6
[10:43:19] Fixed 2 duplicate /gene - msrP_1 msrP_2
[10:43:19] Fixed 2 duplicate /gene - cmpR_1 cmpR_2
[10:43:19] Fixed 2 duplicate /gene - dnaN_1 dnaN_2
[10:43:19] Fixed 16 duplicate /gene - sasA_1 sasA_2 sasA_3 sasA_4 sasA_5 sasA_6 sasA_7 sasA_8 sasA_9 sasA_10 sasA_11 sasA_12 sasA_13 sasA_14 sasA_15 sasA_16
[10:43:19] Fixed 3 duplicate /gene - mmgC_1 mmgC_2 mmgC_3
[10:43:19] Fixed 2 duplicate /gene - maeA_1 maeA_2
[10:43:19] Fixed 2 duplicate /gene - metXA_1 metXA_2
[10:43:19] Fixed 2 duplicate /gene - bamB_1 bamB_2
[10:43:19] Fixed 2 duplicate /gene - crcB_1 crcB_2
[10:43:19] Fixed 2 duplicate /gene - tagU_1 tagU_2
[10:43:19] Fixed 2 duplicate /gene - lutA_1 lutA_2
[10:43:19] Fixed 2 duplicate /gene - corA_1 corA_2
[10:43:19] Fixed 2 duplicate /gene - ihfA_1 ihfA_2
[10:43:19] Fixed 4 duplicate /gene - smc_1 smc_2 smc_3 smc_4
[10:43:19] Fixed 2 duplicate /gene - catD_1 catD_2
[10:43:19] Fixed 2 duplicate /gene - desR_1 desR_2
[10:43:19] Fixed 4 duplicate /gene - pknD_1 pknD_2 pknD_3 pknD_4
[10:43:19] Fixed 2 duplicate /gene - der_1 der_2
[10:43:19] Fixed 2 duplicate /gene - hmuT_1 hmuT_2
[10:43:19] Fixed 2 duplicate /gene - isdG_1 isdG_2
[10:43:19] Fixed 2 duplicate /gene - tmpC_1 tmpC_2
[10:43:19] Fixed 6 duplicate /gene - lacF_1 lacF_2 lacF_3 lacF_4 lacF_5 lacF_6
[10:43:19] Fixed 2 duplicate /gene - yfkN_1 yfkN_2
[10:43:19] Fixed 2 duplicate /gene - glmM_1 glmM_2
[10:43:19] Fixed 2 duplicate /gene - xylF_1 xylF_2
[10:43:19] Fixed 4 duplicate /gene - lptB_1 lptB_2 lptB_3 lptB_4
[10:43:19] Fixed 2 duplicate /gene - mnmC_1 mnmC_2
[10:43:19] Fixed 2 duplicate /gene - bshA_1 bshA_2
[10:43:19] Fixed 2 duplicate /gene - nplT_1 nplT_2
[10:43:19] Fixed 2 duplicate /gene - mug_1 mug_2
[10:43:19] Fixed 4 duplicate /gene - phoP_1 phoP_2 phoP_3 phoP_4
[10:43:19] Fixed 2 duplicate /gene - gfh1_1 gfh1_2
[10:43:19] Fixed 2 duplicate /gene - lpd_1 lpd_2
[10:43:19] Fixed 2 duplicate /gene - yeeO_1 yeeO_2
[10:43:19] Fixed 3 duplicate /gene - glmU_1 glmU_2 glmU_3
[10:43:19] Fixed 3 duplicate /gene - cysG_1 cysG_2 cysG_3
[10:43:19] Fixed 2 duplicate /gene - uxuA_1 uxuA_2
[10:43:19] Fixed 3 duplicate /gene - soj_1 soj_2 soj_3
[10:43:19] Fixed 6 duplicate /gene - xynR_1 xynR_2 xynR_3 xynR_4 xynR_5 xynR_6
[10:43:19] Fixed 3 duplicate /gene - malT_1 malT_2 malT_3
[10:43:19] Fixed 2 duplicate /gene - rex8A_1 rex8A_2
[10:43:19] Fixed 3 duplicate /gene - pilT_1 pilT_2 pilT_3
[10:43:19] Fixed 2 duplicate /gene - mshB_1 mshB_2
[10:43:19] Fixed 2 duplicate /gene - yajO_1 yajO_2
[10:43:19] Fixed 2 duplicate /gene - fusA_1 fusA_2
[10:43:19] Fixed 4 duplicate /gene - fabG_1 fabG_2 fabG_3 fabG_4
[10:43:19] Fixed 160 colliding /gene names.
[10:43:19] Adding /locus_tag identifiers
[10:43:19] Assigned 3201 locus_tags to CDS and RNA features.
[10:43:19] Writing outputs to /Users/liujiayu/Library/Mobile Documents/com~apple~CloudDocs/Joy/ç¡•å£«/è€è¾å°„è®ºæ–‡/radiation-article/ä¸€æ”¹/Application/Example/feature_ogs/prokka_results/prokka_Deinococcus_geothermalis_DSM_11300_ASM19627v1a/
[10:43:20] Generating annotation statistics file
[10:43:20] Generating Genbank and Sequin files
[10:43:20] Running: tbl2asn -V b -a r10k -l paired-ends -M n -N 1 -y 'Annotated using prokka 1.14.6 from https://github.com/tseemann/prokka' -Z \/Users\/liujiayu\/Library\/Mobile\ Documents\/com\~apple\~CloudDocs\/Joy\/\ç\¡\•\å\£\«\/\è\€\\è\¾\\å\°\„\è\®\º\æ\–\‡\/radiation\-article\/\ä\¸\€\æ\”\¹\/Application\/Example\/feature_ogs\/prokka_results\/prokka_Deinococcus_geothermalis_DSM_11300_ASM19627v1a\/Deinococcus_geothermalis_DSM_11300_ASM19627v1a\.err -i \/Users\/liujiayu\/Library\/Mobile\ Documents\/com\~apple\~CloudDocs\/Joy\/\ç\¡\•\å\£\«\/\è\€\\è\¾\\å\°\„\è\®\º\æ\–\‡\/radiation\-article\/\ä\¸\€\æ\”\¹\/Application\/Example\/feature_ogs\/prokka_results\/prokka_Deinococcus_geothermalis_DSM_11300_ASM19627v1a\/Deinococcus_geothermalis_DSM_11300_ASM19627v1a\.fsa 2> /dev/null
[10:43:23] Deleting unwanted file: /Users/liujiayu/Library/Mobile Documents/com~apple~CloudDocs/Joy/ç¡•å£«/è€è¾å°„è®ºæ–‡/radiation-article/ä¸€æ”¹/Application/Example/feature_ogs/prokka_results/prokka_Deinococcus_geothermalis_DSM_11300_ASM19627v1a/errorsummary.val
[10:43:23] Deleting unwanted file: /Users/liujiayu/Library/Mobile Documents/com~apple~CloudDocs/Joy/ç¡•å£«/è€è¾å°„è®ºæ–‡/radiation-article/ä¸€æ”¹/Application/Example/feature_ogs/prokka_results/prokka_Deinococcus_geothermalis_DSM_11300_ASM19627v1a/Deinococcus_geothermalis_DSM_11300_ASM19627v1a.dr
[10:43:23] Deleting unwanted file: /Users/liujiayu/Library/Mobile Documents/com~apple~CloudDocs/Joy/ç¡•å£«/è€è¾å°„è®ºæ–‡/radiation-article/ä¸€æ”¹/Application/Example/feature_ogs/prokka_results/prokka_Deinococcus_geothermalis_DSM_11300_ASM19627v1a/Deinococcus_geothermalis_DSM_11300_ASM19627v1a.fixedproducts
[10:43:23] Deleting unwanted file: /Users/liujiayu/Library/Mobile Documents/com~apple~CloudDocs/Joy/ç¡•å£«/è€è¾å°„è®ºæ–‡/radiation-article/ä¸€æ”¹/Application/Example/feature_ogs/prokka_results/prokka_Deinococcus_geothermalis_DSM_11300_ASM19627v1a/Deinococcus_geothermalis_DSM_11300_ASM19627v1a.ecn
[10:43:23] Deleting unwanted file: /Users/liujiayu/Library/Mobile Documents/com~apple~CloudDocs/Joy/ç¡•å£«/è€è¾å°„è®ºæ–‡/radiation-article/ä¸€æ”¹/Application/Example/feature_ogs/prokka_results/prokka_Deinococcus_geothermalis_DSM_11300_ASM19627v1a/Deinococcus_geothermalis_DSM_11300_ASM19627v1a.val
[10:43:23] Repairing broken .GBK output that tbl2asn produces...
[10:43:23] Running: sed 's/COORDINATES: profile/COORDINATES:profile/' < \/Users\/liujiayu\/Library\/Mobile\ Documents\/com\~apple\~CloudDocs\/Joy\/\ç\¡\•\å\£\«\/\è\€\\è\¾\\å\°\„\è\®\º\æ\–\‡\/radiation\-article\/\ä\¸\€\æ\”\¹\/Application\/Example\/feature_ogs\/prokka_results\/prokka_Deinococcus_geothermalis_DSM_11300_ASM19627v1a\/Deinococcus_geothermalis_DSM_11300_ASM19627v1a\.gbf > \/Users\/liujiayu\/Library\/Mobile\ Documents\/com\~apple\~CloudDocs\/Joy\/\ç\¡\•\å\£\«\/\è\€\\è\¾\\å\°\„\è\®\º\æ\–\‡\/radiation\-article\/\ä\¸\€\æ\”\¹\/Application\/Example\/feature_ogs\/prokka_results\/prokka_Deinococcus_geothermalis_DSM_11300_ASM19627v1a\/Deinococcus_geothermalis_DSM_11300_ASM19627v1a\.gbk
[10:43:23] Deleting unwanted file: /Users/liujiayu/Library/Mobile Documents/com~apple~CloudDocs/Joy/ç¡•å£«/è€è¾å°„è®ºæ–‡/radiation-article/ä¸€æ”¹/Application/Example/feature_ogs/prokka_results/prokka_Deinococcus_geothermalis_DSM_11300_ASM19627v1a/Deinococcus_geothermalis_DSM_11300_ASM19627v1a.gbf
[10:43:23] Output files:
[10:43:23] /Users/liujiayu/Library/Mobile Documents/com~apple~CloudDocs/Joy/ç¡•å£«/è€è¾å°„è®ºæ–‡/radiation-article/ä¸€æ”¹/Application/Example/feature_ogs/prokka_results/prokka_Deinococcus_geothermalis_DSM_11300_ASM19627v1a/Deinococcus_geothermalis_DSM_11300_ASM19627v1a.sqn
[10:43:23] /Users/liujiayu/Library/Mobile Documents/com~apple~CloudDocs/Joy/ç¡•å£«/è€è¾å°„è®ºæ–‡/radiation-article/ä¸€æ”¹/Application/Example/feature_ogs/prokka_results/prokka_Deinococcus_geothermalis_DSM_11300_ASM19627v1a/Deinococcus_geothermalis_DSM_11300_ASM19627v1a.tbl
[10:43:23] /Users/liujiayu/Library/Mobile Documents/com~apple~CloudDocs/Joy/ç¡•å£«/è€è¾å°„è®ºæ–‡/radiation-article/ä¸€æ”¹/Application/Example/feature_ogs/prokka_results/prokka_Deinococcus_geothermalis_DSM_11300_ASM19627v1a/Deinococcus_geothermalis_DSM_11300_ASM19627v1a.gff
[10:43:23] /Users/liujiayu/Library/Mobile Documents/com~apple~CloudDocs/Joy/ç¡•å£«/è€è¾å°„è®ºæ–‡/radiation-article/ä¸€æ”¹/Application/Example/feature_ogs/prokka_results/prokka_Deinococcus_geothermalis_DSM_11300_ASM19627v1a/Deinococcus_geothermalis_DSM_11300_ASM19627v1a.err
[10:43:23] /Users/liujiayu/Library/Mobile Documents/com~apple~CloudDocs/Joy/ç¡•å£«/è€è¾å°„è®ºæ–‡/radiation-article/ä¸€æ”¹/Application/Example/feature_ogs/prokka_results/prokka_Deinococcus_geothermalis_DSM_11300_ASM19627v1a/Deinococcus_geothermalis_DSM_11300_ASM19627v1a.fna
[10:43:23] /Users/liujiayu/Library/Mobile Documents/com~apple~CloudDocs/Joy/ç¡•å£«/è€è¾å°„è®ºæ–‡/radiation-article/ä¸€æ”¹/Application/Example/feature_ogs/prokka_results/prokka_Deinococcus_geothermalis_DSM_11300_ASM19627v1a/Deinococcus_geothermalis_DSM_11300_ASM19627v1a.tsv
[10:43:23] /Users/liujiayu/Library/Mobile Documents/com~apple~CloudDocs/Joy/ç¡•å£«/è€è¾å°„è®ºæ–‡/radiation-article/ä¸€æ”¹/Application/Example/feature_ogs/prokka_results/prokka_Deinococcus_geothermalis_DSM_11300_ASM19627v1a/Deinococcus_geothermalis_DSM_11300_ASM19627v1a.txt
[10:43:23] /Users/liujiayu/Library/Mobile Documents/com~apple~CloudDocs/Joy/ç¡•å£«/è€è¾å°„è®ºæ–‡/radiation-article/ä¸€æ”¹/Application/Example/feature_ogs/prokka_results/prokka_Deinococcus_geothermalis_DSM_11300_ASM19627v1a/Deinococcus_geothermalis_DSM_11300_ASM19627v1a.fsa
[10:43:23] /Users/liujiayu/Library/Mobile Documents/com~apple~CloudDocs/Joy/ç¡•å£«/è€è¾å°„è®ºæ–‡/radiation-article/ä¸€æ”¹/Application/Example/feature_ogs/prokka_results/prokka_Deinococcus_geothermalis_DSM_11300_ASM19627v1a/Deinococcus_geothermalis_DSM_11300_ASM19627v1a.faa
[10:43:23] /Users/liujiayu/Library/Mobile Documents/com~apple~CloudDocs/Joy/ç¡•å£«/è€è¾å°„è®ºæ–‡/radiation-article/ä¸€æ”¹/Application/Example/feature_ogs/prokka_results/prokka_Deinococcus_geothermalis_DSM_11300_ASM19627v1a/Deinococcus_geothermalis_DSM_11300_ASM19627v1a.ffn
[10:43:23] /Users/liujiayu/Library/Mobile Documents/com~apple~CloudDocs/Joy/ç¡•å£«/è€è¾å°„è®ºæ–‡/radiation-article/ä¸€æ”¹/Application/Example/feature_ogs/prokka_results/prokka_Deinococcus_geothermalis_DSM_11300_ASM19627v1a/Deinococcus_geothermalis_DSM_11300_ASM19627v1a.log
[10:43:23] /Users/liujiayu/Library/Mobile Documents/com~apple~CloudDocs/Joy/ç¡•å£«/è€è¾å°„è®ºæ–‡/radiation-article/ä¸€æ”¹/Application/Example/feature_ogs/prokka_results/prokka_Deinococcus_geothermalis_DSM_11300_ASM19627v1a/Deinococcus_geothermalis_DSM_11300_ASM19627v1a.gbk
[10:43:23] Annotation finished successfully.
[10:43:23] Walltime used: 1.07 minutes
[10:43:23] If you use this result please cite the Prokka paper:
[10:43:23] Seemann T (2014) Prokka: rapid prokaryotic genome annotation. Bioinformatics. 30(14):2068-9.
[10:43:23] Type 'prokka --citation' for more details.
[10:43:23] Thank you, come again.
